{"C:\\Users\\dayan\\Desktop\\LAB\\burger-ladies\\.jest\\mocks\\fileMock.js": {"path":"C:\\Users\\dayan\\Desktop\\LAB\\burger-ladies\\.jest\\mocks\\fileMock.js","statementMap":{"0":{"start":{"line":1,"column":0},"end":{"line":1,"column":33}}},"fnMap":{},"branchMap":{},"s":{"0":2},"f":{},"b":{},"_coverageSchema":"1a1c01bbd47fc00a2c39e90264f33305004495a9","hash":"bbf0facc2a3492c0c8a966f0fdda64e3ccd26b2d"}
,"C:\\Users\\dayan\\Desktop\\LAB\\burger-ladies\\src\\App.jsx": {"path":"C:\\Users\\dayan\\Desktop\\LAB\\burger-ladies\\src\\App.jsx","statementMap":{"0":{"start":{"line":4,"column":3},"end":{"line":8,"column":3}}},"fnMap":{"0":{"name":"App","decl":{"start":{"line":3,"column":9},"end":{"line":3,"column":12}},"loc":{"start":{"line":3,"column":15},"end":{"line":9,"column":1}},"line":3}},"branchMap":{},"s":{"0":1},"f":{"0":1},"b":{},"_coverageSchema":"1a1c01bbd47fc00a2c39e90264f33305004495a9","hash":"8d1f185203536ef71797e96002b73c94531cac89"}
,"C:\\Users\\dayan\\Desktop\\LAB\\burger-ladies\\src\\Router.jsx": {"path":"C:\\Users\\dayan\\Desktop\\LAB\\burger-ladies\\src\\Router.jsx","statementMap":{"0":{"start":{"line":17,"column":2},"end":{"line":33,"column":3}}},"fnMap":{"0":{"name":"Router","decl":{"start":{"line":16,"column":9},"end":{"line":16,"column":15}},"loc":{"start":{"line":16,"column":18},"end":{"line":34,"column":1}},"line":16}},"branchMap":{},"s":{"0":1},"f":{"0":1},"b":{},"_coverageSchema":"1a1c01bbd47fc00a2c39e90264f33305004495a9","hash":"27feb9f1211736edd5cd5d8de6737079741a44fc"}
,"C:\\Users\\dayan\\Desktop\\LAB\\burger-ladies\\src\\Components\\Header.jsx": {"path":"C:\\Users\\dayan\\Desktop\\LAB\\burger-ladies\\src\\Components\\Header.jsx","statementMap":{"0":{"start":{"line":5,"column":15},"end":{"line":11,"column":1}},"1":{"start":{"line":6,"column":2},"end":{"line":10,"column":3}}},"fnMap":{"0":{"name":"(anonymous_0)","decl":{"start":{"line":5,"column":15},"end":{"line":5,"column":16}},"loc":{"start":{"line":5,"column":21},"end":{"line":11,"column":1}},"line":5}},"branchMap":{},"s":{"0":2,"1":2},"f":{"0":2},"b":{},"_coverageSchema":"1a1c01bbd47fc00a2c39e90264f33305004495a9","hash":"c24909192d8bfda553cf984aca79a9886abfa405"}
,"C:\\Users\\dayan\\Desktop\\LAB\\burger-ladies\\src\\Pages\\Admin.jsx": {"path":"C:\\Users\\dayan\\Desktop\\LAB\\burger-ladies\\src\\Pages\\Admin.jsx","statementMap":{"0":{"start":{"line":4,"column":14},"end":{"line":18,"column":1}},"1":{"start":{"line":5,"column":2},"end":{"line":17,"column":3}}},"fnMap":{"0":{"name":"(anonymous_0)","decl":{"start":{"line":4,"column":14},"end":{"line":4,"column":15}},"loc":{"start":{"line":4,"column":20},"end":{"line":18,"column":1}},"line":4}},"branchMap":{},"s":{"0":1,"1":0},"f":{"0":0},"b":{},"_coverageSchema":"1a1c01bbd47fc00a2c39e90264f33305004495a9","hash":"7bddfc5a59e4bc62cadbd5ffdf9cb91daae43f3f"}
,"C:\\Users\\dayan\\Desktop\\LAB\\burger-ladies\\src\\Pages\\Attendance.jsx": {"path":"C:\\Users\\dayan\\Desktop\\LAB\\burger-ladies\\src\\Pages\\Attendance.jsx","statementMap":{"0":{"start":{"line":4,"column":19},"end":{"line":18,"column":1}},"1":{"start":{"line":6,"column":2},"end":{"line":17,"column":3}}},"fnMap":{"0":{"name":"(anonymous_0)","decl":{"start":{"line":4,"column":19},"end":{"line":4,"column":20}},"loc":{"start":{"line":4,"column":25},"end":{"line":18,"column":1}},"line":4}},"branchMap":{},"s":{"0":1,"1":0},"f":{"0":0},"b":{},"_coverageSchema":"1a1c01bbd47fc00a2c39e90264f33305004495a9","hash":"893bd5c057a01152fd9a122191b9f0004927adba"}
,"C:\\Users\\dayan\\Desktop\\LAB\\burger-ladies\\src\\Pages\\Kitchen.jsx": {"path":"C:\\Users\\dayan\\Desktop\\LAB\\burger-ladies\\src\\Pages\\Kitchen.jsx","statementMap":{"0":{"start":{"line":7,"column":2},"end":{"line":14,"column":3}}},"fnMap":{"0":{"name":"Kitchen","decl":{"start":{"line":6,"column":9},"end":{"line":6,"column":16}},"loc":{"start":{"line":6,"column":19},"end":{"line":15,"column":1}},"line":6}},"branchMap":{},"s":{"0":0},"f":{"0":0},"b":{},"_coverageSchema":"1a1c01bbd47fc00a2c39e90264f33305004495a9","hash":"90ea621159b3348ee82bcab898c522439f3afd0b"}
,"C:\\Users\\dayan\\Desktop\\LAB\\burger-ladies\\src\\Pages\\Login.jsx": {"path":"C:\\Users\\dayan\\Desktop\\LAB\\burger-ladies\\src\\Pages\\Login.jsx","statementMap":{"0":{"start":{"line":10,"column":30},"end":{"line":10,"column":42}},"1":{"start":{"line":11,"column":36},"end":{"line":11,"column":48}},"2":{"start":{"line":12,"column":21},"end":{"line":12,"column":34}},"3":{"start":{"line":14,"column":21},"end":{"line":16,"column":2}},"4":{"start":{"line":15,"column":2},"end":{"line":15,"column":26}},"5":{"start":{"line":18,"column":24},"end":{"line":20,"column":2}},"6":{"start":{"line":19,"column":2},"end":{"line":19,"column":29}},"7":{"start":{"line":23,"column":8},"end":{"line":23,"column":27}},"8":{"start":{"line":24,"column":8},"end":{"line":49,"column":49}},"9":{"start":{"line":26,"column":16},"end":{"line":33,"column":17}},"10":{"start":{"line":27,"column":20},"end":{"line":27,"column":43}},"11":{"start":{"line":32,"column":20},"end":{"line":32,"column":42}},"12":{"start":{"line":36,"column":16},"end":{"line":46,"column":17}},"13":{"start":{"line":37,"column":20},"end":{"line":37,"column":55}},"14":{"start":{"line":38,"column":20},"end":{"line":38,"column":46}},"15":{"start":{"line":39,"column":20},"end":{"line":45,"column":21}},"16":{"start":{"line":40,"column":24},"end":{"line":40,"column":47}},"17":{"start":{"line":41,"column":26},"end":{"line":45,"column":21}},"18":{"start":{"line":42,"column":24},"end":{"line":42,"column":45}},"19":{"start":{"line":44,"column":24},"end":{"line":44,"column":43}},"20":{"start":{"line":47,"column":16},"end":{"line":47,"column":27}},"21":{"start":{"line":49,"column":30},"end":{"line":49,"column":48}},"22":{"start":{"line":52,"column":4},"end":{"line":83,"column":5}}},"fnMap":{"0":{"name":"Login","decl":{"start":{"line":9,"column":9},"end":{"line":9,"column":14}},"loc":{"start":{"line":9,"column":17},"end":{"line":84,"column":1}},"line":9},"1":{"name":"(anonymous_1)","decl":{"start":{"line":14,"column":21},"end":{"line":14,"column":22}},"loc":{"start":{"line":14,"column":28},"end":{"line":16,"column":2}},"line":14},"2":{"name":"(anonymous_2)","decl":{"start":{"line":18,"column":24},"end":{"line":18,"column":25}},"loc":{"start":{"line":18,"column":31},"end":{"line":20,"column":2}},"line":18},"3":{"name":"logIn","decl":{"start":{"line":22,"column":13},"end":{"line":22,"column":18}},"loc":{"start":{"line":22,"column":22},"end":{"line":50,"column":5}},"line":22},"4":{"name":"(anonymous_4)","decl":{"start":{"line":25,"column":18},"end":{"line":25,"column":19}},"loc":{"start":{"line":25,"column":32},"end":{"line":34,"column":13}},"line":25},"5":{"name":"(anonymous_5)","decl":{"start":{"line":35,"column":18},"end":{"line":35,"column":19}},"loc":{"start":{"line":35,"column":28},"end":{"line":48,"column":13}},"line":35},"6":{"name":"(anonymous_6)","decl":{"start":{"line":49,"column":19},"end":{"line":49,"column":20}},"loc":{"start":{"line":49,"column":30},"end":{"line":49,"column":48}},"line":49}},"branchMap":{"0":{"loc":{"start":{"line":26,"column":16},"end":{"line":33,"column":17}},"type":"if","locations":[{"start":{"line":26,"column":16},"end":{"line":33,"column":17}},{"start":{"line":31,"column":20},"end":{"line":33,"column":17}}],"line":26},"1":{"loc":{"start":{"line":36,"column":16},"end":{"line":46,"column":17}},"type":"if","locations":[{"start":{"line":36,"column":16},"end":{"line":46,"column":17}},{"start":{},"end":{}}],"line":36},"2":{"loc":{"start":{"line":39,"column":20},"end":{"line":45,"column":21}},"type":"if","locations":[{"start":{"line":39,"column":20},"end":{"line":45,"column":21}},{"start":{"line":41,"column":26},"end":{"line":45,"column":21}}],"line":39},"3":{"loc":{"start":{"line":41,"column":26},"end":{"line":45,"column":21}},"type":"if","locations":[{"start":{"line":41,"column":26},"end":{"line":45,"column":21}},{"start":{"line":43,"column":27},"end":{"line":45,"column":21}}],"line":41}},"s":{"0":1,"1":1,"2":1,"3":1,"4":0,"5":1,"6":0,"7":0,"8":0,"9":0,"10":0,"11":0,"12":0,"13":0,"14":0,"15":0,"16":0,"17":0,"18":0,"19":0,"20":0,"21":0,"22":1},"f":{"0":1,"1":0,"2":0,"3":0,"4":0,"5":0,"6":0},"b":{"0":[0,0],"1":[0,0],"2":[0,0],"3":[0,0]},"_coverageSchema":"1a1c01bbd47fc00a2c39e90264f33305004495a9","hash":"42c4f5c17556f77b7f5ebb58649dbc828937f636"}
,"C:\\Users\\dayan\\Desktop\\LAB\\burger-ladies\\src\\Pages\\Menu.jsx": {"path":"C:\\Users\\dayan\\Desktop\\LAB\\burger-ladies\\src\\Pages\\Menu.jsx","statementMap":{"0":{"start":{"line":7,"column":27},"end":{"line":7,"column":39}},"1":{"start":{"line":8,"column":29},"end":{"line":8,"column":41}},"2":{"start":{"line":9,"column":34},"end":{"line":9,"column":46}},"3":{"start":{"line":10,"column":40},"end":{"line":10,"column":52}},"4":{"start":{"line":12,"column":2},"end":{"line":24,"column":8}},"5":{"start":{"line":14,"column":6},"end":{"line":21,"column":7}},"6":{"start":{"line":15,"column":25},"end":{"line":15,"column":48}},"7":{"start":{"line":16,"column":21},"end":{"line":16,"column":42}},"8":{"start":{"line":17,"column":8},"end":{"line":17,"column":29}},"9":{"start":{"line":18,"column":8},"end":{"line":18,"column":26}},"10":{"start":{"line":20,"column":8},"end":{"line":20,"column":38}},"11":{"start":{"line":23,"column":4},"end":{"line":23,"column":17}},"12":{"start":{"line":26,"column":1},"end":{"line":62,"column":3}},"13":{"start":{"line":35,"column":29},"end":{"line":35,"column":53}},"14":{"start":{"line":42,"column":29},"end":{"line":42,"column":54}},"15":{"start":{"line":48,"column":10},"end":{"line":56,"column":12}}},"fnMap":{"0":{"name":"Menu","decl":{"start":{"line":6,"column":9},"end":{"line":6,"column":13}},"loc":{"start":{"line":6,"column":16},"end":{"line":63,"column":1}},"line":6},"1":{"name":"(anonymous_1)","decl":{"start":{"line":12,"column":12},"end":{"line":12,"column":13}},"loc":{"start":{"line":12,"column":18},"end":{"line":24,"column":3}},"line":12},"2":{"name":"fetchRepos","decl":{"start":{"line":13,"column":19},"end":{"line":13,"column":29}},"loc":{"start":{"line":13,"column":32},"end":{"line":22,"column":5}},"line":13},"3":{"name":"(anonymous_3)","decl":{"start":{"line":35,"column":22},"end":{"line":35,"column":23}},"loc":{"start":{"line":35,"column":29},"end":{"line":35,"column":53}},"line":35},"4":{"name":"(anonymous_4)","decl":{"start":{"line":42,"column":22},"end":{"line":42,"column":23}},"loc":{"start":{"line":42,"column":29},"end":{"line":42,"column":54}},"line":42},"5":{"name":"(anonymous_5)","decl":{"start":{"line":47,"column":22},"end":{"line":47,"column":23}},"loc":{"start":{"line":47,"column":30},"end":{"line":57,"column":9}},"line":47}},"branchMap":{},"s":{"0":0,"1":0,"2":0,"3":0,"4":0,"5":0,"6":0,"7":0,"8":0,"9":0,"10":0,"11":0,"12":0,"13":0,"14":0,"15":0},"f":{"0":0,"1":0,"2":0,"3":0,"4":0,"5":0},"b":{},"_coverageSchema":"1a1c01bbd47fc00a2c39e90264f33305004495a9","hash":"88d29ea67abae886364ff895abf26acd53077d09"}
,"C:\\Users\\dayan\\Desktop\\LAB\\burger-ladies\\src\\Pages\\NotFound.jsx": {"path":"C:\\Users\\dayan\\Desktop\\LAB\\burger-ladies\\src\\Pages\\NotFound.jsx","statementMap":{"0":{"start":{"line":4,"column":17},"end":{"line":15,"column":1}},"1":{"start":{"line":6,"column":2},"end":{"line":14,"column":3}}},"fnMap":{"0":{"name":"(anonymous_0)","decl":{"start":{"line":4,"column":17},"end":{"line":4,"column":18}},"loc":{"start":{"line":4,"column":23},"end":{"line":15,"column":1}},"line":4}},"branchMap":{},"s":{"0":1,"1":0},"f":{"0":0},"b":{},"_coverageSchema":"1a1c01bbd47fc00a2c39e90264f33305004495a9","hash":"9dc1c8988acfc2215ad26cc5ea9747603c414135"}
,"C:\\Users\\dayan\\Desktop\\LAB\\burger-ladies\\src\\Pages\\Ordered.jsx": {"path":"C:\\Users\\dayan\\Desktop\\LAB\\burger-ladies\\src\\Pages\\Ordered.jsx","statementMap":{"0":{"start":{"line":14,"column":16},"end":{"line":236,"column":1}},"1":{"start":{"line":15,"column":14},"end":{"line":15,"column":38}},"2":{"start":{"line":16,"column":26},"end":{"line":16,"column":38}},"3":{"start":{"line":17,"column":24},"end":{"line":17,"column":36}},"4":{"start":{"line":18,"column":26},"end":{"line":18,"column":38}},"5":{"start":{"line":19,"column":28},"end":{"line":19,"column":40}},"6":{"start":{"line":20,"column":26},"end":{"line":20,"column":38}},"7":{"start":{"line":21,"column":28},"end":{"line":21,"column":40}},"8":{"start":{"line":22,"column":24},"end":{"line":22,"column":36}},"9":{"start":{"line":23,"column":33},"end":{"line":23,"column":45}},"10":{"start":{"line":24,"column":34},"end":{"line":24,"column":46}},"11":{"start":{"line":25,"column":21},"end":{"line":29,"column":3}},"12":{"start":{"line":26,"column":14},"end":{"line":26,"column":15}},"13":{"start":{"line":27,"column":4},"end":{"line":27,"column":26}},"14":{"start":{"line":28,"column":4},"end":{"line":28,"column":20}},"15":{"start":{"line":30,"column":20},"end":{"line":35,"column":3}},"16":{"start":{"line":32,"column":14},"end":{"line":32,"column":15}},"17":{"start":{"line":33,"column":4},"end":{"line":33,"column":36}},"18":{"start":{"line":34,"column":4},"end":{"line":34,"column":20}},"19":{"start":{"line":36,"column":21},"end":{"line":39,"column":3}},"20":{"start":{"line":37,"column":4},"end":{"line":37,"column":44}},"21":{"start":{"line":41,"column":27},"end":{"line":43,"column":3}},"22":{"start":{"line":42,"column":4},"end":{"line":42,"column":28}},"23":{"start":{"line":45,"column":22},"end":{"line":47,"column":3}},"24":{"start":{"line":46,"column":4},"end":{"line":46,"column":29}},"25":{"start":{"line":49,"column":22},"end":{"line":72,"column":3}},"26":{"start":{"line":50,"column":4},"end":{"line":50,"column":23}},"27":{"start":{"line":51,"column":19},"end":{"line":57,"column":5}},"28":{"start":{"line":69,"column":4},"end":{"line":69,"column":16}},"29":{"start":{"line":70,"column":4},"end":{"line":70,"column":17}},"30":{"start":{"line":71,"column":4},"end":{"line":71,"column":15}},"31":{"start":{"line":74,"column":25},"end":{"line":77,"column":3}},"32":{"start":{"line":75,"column":4},"end":{"line":75,"column":28}},"33":{"start":{"line":79,"column":20},"end":{"line":81,"column":3}},"34":{"start":{"line":80,"column":4},"end":{"line":80,"column":27}},"35":{"start":{"line":84,"column":2},"end":{"line":98,"column":8}},"36":{"start":{"line":86,"column":23},"end":{"line":92,"column":8}},"37":{"start":{"line":93,"column":19},"end":{"line":93,"column":40}},"38":{"start":{"line":95,"column":6},"end":{"line":95,"column":24}},"39":{"start":{"line":97,"column":4},"end":{"line":97,"column":15}},"40":{"start":{"line":100,"column":20},"end":{"line":104,"column":4}},"41":{"start":{"line":101,"column":4},"end":{"line":101,"column":27}},"42":{"start":{"line":102,"column":2},"end":{"line":102,"column":28}},"43":{"start":{"line":106,"column":2},"end":{"line":106,"column":24}},"44":{"start":{"line":110,"column":2},"end":{"line":235,"column":5}},"45":{"start":{"line":115,"column":10},"end":{"line":128,"column":15}},"46":{"start":{"line":137,"column":10},"end":{"line":150,"column":15}},"47":{"start":{"line":156,"column":10},"end":{"line":169,"column":15}},"48":{"start":{"line":174,"column":8},"end":{"line":187,"column":13}}},"fnMap":{"0":{"name":"(anonymous_0)","decl":{"start":{"line":14,"column":16},"end":{"line":14,"column":17}},"loc":{"start":{"line":14,"column":20},"end":{"line":236,"column":1}},"line":14},"1":{"name":"(anonymous_1)","decl":{"start":{"line":25,"column":21},"end":{"line":25,"column":22}},"loc":{"start":{"line":25,"column":27},"end":{"line":29,"column":3}},"line":25},"2":{"name":"(anonymous_2)","decl":{"start":{"line":30,"column":20},"end":{"line":30,"column":21}},"loc":{"start":{"line":30,"column":25},"end":{"line":35,"column":3}},"line":30},"3":{"name":"(anonymous_3)","decl":{"start":{"line":36,"column":21},"end":{"line":36,"column":22}},"loc":{"start":{"line":36,"column":25},"end":{"line":39,"column":3}},"line":36},"4":{"name":"(anonymous_4)","decl":{"start":{"line":41,"column":27},"end":{"line":41,"column":28}},"loc":{"start":{"line":41,"column":32},"end":{"line":43,"column":3}},"line":41},"5":{"name":"(anonymous_5)","decl":{"start":{"line":45,"column":22},"end":{"line":45,"column":23}},"loc":{"start":{"line":45,"column":27},"end":{"line":47,"column":3}},"line":45},"6":{"name":"(anonymous_6)","decl":{"start":{"line":49,"column":22},"end":{"line":49,"column":23}},"loc":{"start":{"line":49,"column":33},"end":{"line":72,"column":3}},"line":49},"7":{"name":"(anonymous_7)","decl":{"start":{"line":74,"column":25},"end":{"line":74,"column":26}},"loc":{"start":{"line":74,"column":29},"end":{"line":77,"column":3}},"line":74},"8":{"name":"(anonymous_8)","decl":{"start":{"line":79,"column":20},"end":{"line":79,"column":21}},"loc":{"start":{"line":79,"column":26},"end":{"line":81,"column":3}},"line":79},"9":{"name":"(anonymous_9)","decl":{"start":{"line":84,"column":12},"end":{"line":84,"column":13}},"loc":{"start":{"line":84,"column":16},"end":{"line":98,"column":3}},"line":84},"10":{"name":"fetchApi","decl":{"start":{"line":85,"column":19},"end":{"line":85,"column":27}},"loc":{"start":{"line":85,"column":29},"end":{"line":96,"column":5}},"line":85},"11":{"name":"(anonymous_11)","decl":{"start":{"line":100,"column":33},"end":{"line":100,"column":34}},"loc":{"start":{"line":100,"column":44},"end":{"line":104,"column":3}},"line":100},"12":{"name":"(anonymous_12)","decl":{"start":{"line":114,"column":23},"end":{"line":114,"column":24}},"loc":{"start":{"line":115,"column":10},"end":{"line":128,"column":15}},"line":115},"13":{"name":"(anonymous_13)","decl":{"start":{"line":136,"column":22},"end":{"line":136,"column":23}},"loc":{"start":{"line":137,"column":10},"end":{"line":150,"column":15}},"line":137},"14":{"name":"(anonymous_14)","decl":{"start":{"line":155,"column":22},"end":{"line":155,"column":23}},"loc":{"start":{"line":156,"column":10},"end":{"line":169,"column":15}},"line":156},"15":{"name":"(anonymous_15)","decl":{"start":{"line":173,"column":22},"end":{"line":173,"column":23}},"loc":{"start":{"line":174,"column":8},"end":{"line":187,"column":13}},"line":174}},"branchMap":{"0":{"loc":{"start":{"line":115,"column":10},"end":{"line":128,"column":15}},"type":"binary-expr","locations":[{"start":{"line":115,"column":10},"end":{"line":115,"column":36}},{"start":{"line":116,"column":10},"end":{"line":128,"column":15}}],"line":115},"1":{"loc":{"start":{"line":124,"column":23},"end":{"line":124,"column":36}},"type":"binary-expr","locations":[{"start":{"line":124,"column":23},"end":{"line":124,"column":27}},{"start":{"line":124,"column":30},"end":{"line":124,"column":36}}],"line":124},"2":{"loc":{"start":{"line":137,"column":10},"end":{"line":150,"column":15}},"type":"binary-expr","locations":[{"start":{"line":137,"column":10},"end":{"line":137,"column":37}},{"start":{"line":137,"column":41},"end":{"line":137,"column":70}},{"start":{"line":138,"column":10},"end":{"line":150,"column":15}}],"line":137},"3":{"loc":{"start":{"line":146,"column":23},"end":{"line":146,"column":36}},"type":"binary-expr","locations":[{"start":{"line":146,"column":23},"end":{"line":146,"column":27}},{"start":{"line":146,"column":30},"end":{"line":146,"column":36}}],"line":146},"4":{"loc":{"start":{"line":156,"column":10},"end":{"line":169,"column":15}},"type":"binary-expr","locations":[{"start":{"line":156,"column":10},"end":{"line":156,"column":37}},{"start":{"line":156,"column":41},"end":{"line":156,"column":73}},{"start":{"line":157,"column":10},"end":{"line":169,"column":15}}],"line":156},"5":{"loc":{"start":{"line":165,"column":23},"end":{"line":165,"column":36}},"type":"binary-expr","locations":[{"start":{"line":165,"column":23},"end":{"line":165,"column":27}},{"start":{"line":165,"column":30},"end":{"line":165,"column":36}}],"line":165},"6":{"loc":{"start":{"line":174,"column":8},"end":{"line":187,"column":13}},"type":"binary-expr","locations":[{"start":{"line":174,"column":8},"end":{"line":174,"column":35}},{"start":{"line":174,"column":39},"end":{"line":174,"column":63}},{"start":{"line":175,"column":8},"end":{"line":187,"column":13}}],"line":174},"7":{"loc":{"start":{"line":183,"column":21},"end":{"line":183,"column":34}},"type":"binary-expr","locations":[{"start":{"line":183,"column":21},"end":{"line":183,"column":25}},{"start":{"line":183,"column":28},"end":{"line":183,"column":34}}],"line":183},"8":{"loc":{"start":{"line":217,"column":18},"end":{"line":217,"column":36}},"type":"binary-expr","locations":[{"start":{"line":217,"column":18},"end":{"line":217,"column":23}},{"start":{"line":217,"column":27},"end":{"line":217,"column":36}}],"line":217}},"s":{"0":1,"1":0,"2":0,"3":0,"4":0,"5":0,"6":0,"7":0,"8":0,"9":0,"10":0,"11":0,"12":0,"13":0,"14":0,"15":0,"16":0,"17":0,"18":0,"19":0,"20":0,"21":0,"22":0,"23":0,"24":0,"25":0,"26":0,"27":0,"28":0,"29":0,"30":0,"31":0,"32":0,"33":0,"34":0,"35":0,"36":0,"37":0,"38":0,"39":0,"40":0,"41":0,"42":0,"43":0,"44":0,"45":0,"46":0,"47":0,"48":0},"f":{"0":0,"1":0,"2":0,"3":0,"4":0,"5":0,"6":0,"7":0,"8":0,"9":0,"10":0,"11":0,"12":0,"13":0,"14":0,"15":0},"b":{"0":[0,0],"1":[0,0],"2":[0,0,0],"3":[0,0],"4":[0,0,0],"5":[0,0],"6":[0,0,0],"7":[0,0],"8":[0,0]},"_coverageSchema":"1a1c01bbd47fc00a2c39e90264f33305004495a9","hash":"cd8ef9b08ff05114d7d4e6716c221def35f3cd4f"}
,"C:\\Users\\dayan\\Desktop\\LAB\\burger-ladies\\src\\Pages\\Register.jsx": {"path":"C:\\Users\\dayan\\Desktop\\LAB\\burger-ladies\\src\\Pages\\Register.jsx","statementMap":{"0":{"start":{"line":8,"column":30},"end":{"line":8,"column":43}},"1":{"start":{"line":9,"column":36},"end":{"line":9,"column":49}},"2":{"start":{"line":10,"column":28},"end":{"line":10,"column":41}},"3":{"start":{"line":14,"column":21},"end":{"line":16,"column":2}},"4":{"start":{"line":15,"column":2},"end":{"line":15,"column":26}},"5":{"start":{"line":18,"column":24},"end":{"line":20,"column":2}},"6":{"start":{"line":19,"column":2},"end":{"line":19,"column":29}},"7":{"start":{"line":22,"column":20},"end":{"line":24,"column":2}},"8":{"start":{"line":23,"column":2},"end":{"line":23,"column":25}},"9":{"start":{"line":27,"column":8},"end":{"line":27,"column":27}},"10":{"start":{"line":28,"column":8},"end":{"line":30,"column":9}},"11":{"start":{"line":29,"column":12},"end":{"line":29,"column":57}},"12":{"start":{"line":31,"column":8},"end":{"line":34,"column":9}},"13":{"start":{"line":32,"column":12},"end":{"line":32,"column":99}},"14":{"start":{"line":35,"column":8},"end":{"line":42,"column":93}},"15":{"start":{"line":37,"column":16},"end":{"line":40,"column":17}},"16":{"start":{"line":38,"column":20},"end":{"line":38,"column":70}},"17":{"start":{"line":39,"column":20},"end":{"line":39,"column":43}},"18":{"start":{"line":42,"column":25},"end":{"line":42,"column":92}},"19":{"start":{"line":44,"column":12},"end":{"line":44,"column":35}},"20":{"start":{"line":49,"column":4},"end":{"line":98,"column":6}}},"fnMap":{"0":{"name":"Register","decl":{"start":{"line":7,"column":9},"end":{"line":7,"column":17}},"loc":{"start":{"line":7,"column":20},"end":{"line":99,"column":1}},"line":7},"1":{"name":"(anonymous_1)","decl":{"start":{"line":14,"column":21},"end":{"line":14,"column":22}},"loc":{"start":{"line":14,"column":28},"end":{"line":16,"column":2}},"line":14},"2":{"name":"(anonymous_2)","decl":{"start":{"line":18,"column":24},"end":{"line":18,"column":25}},"loc":{"start":{"line":18,"column":31},"end":{"line":20,"column":2}},"line":18},"3":{"name":"(anonymous_3)","decl":{"start":{"line":22,"column":20},"end":{"line":22,"column":21}},"loc":{"start":{"line":22,"column":27},"end":{"line":24,"column":2}},"line":22},"4":{"name":"registerUser","decl":{"start":{"line":26,"column":13},"end":{"line":26,"column":25}},"loc":{"start":{"line":26,"column":29},"end":{"line":45,"column":5}},"line":26},"5":{"name":"(anonymous_5)","decl":{"start":{"line":36,"column":18},"end":{"line":36,"column":19}},"loc":{"start":{"line":36,"column":32},"end":{"line":41,"column":13}},"line":36},"6":{"name":"(anonymous_6)","decl":{"start":{"line":42,"column":19},"end":{"line":42,"column":20}},"loc":{"start":{"line":42,"column":25},"end":{"line":42,"column":92}},"line":42}},"branchMap":{"0":{"loc":{"start":{"line":28,"column":8},"end":{"line":30,"column":9}},"type":"if","locations":[{"start":{"line":28,"column":8},"end":{"line":30,"column":9}},{"start":{},"end":{}}],"line":28},"1":{"loc":{"start":{"line":31,"column":8},"end":{"line":34,"column":9}},"type":"if","locations":[{"start":{"line":31,"column":8},"end":{"line":34,"column":9}},{"start":{},"end":{}}],"line":31},"2":{"loc":{"start":{"line":37,"column":16},"end":{"line":40,"column":17}},"type":"if","locations":[{"start":{"line":37,"column":16},"end":{"line":40,"column":17}},{"start":{},"end":{}}],"line":37}},"s":{"0":0,"1":0,"2":0,"3":0,"4":0,"5":0,"6":0,"7":0,"8":0,"9":0,"10":0,"11":0,"12":0,"13":0,"14":0,"15":0,"16":0,"17":0,"18":0,"19":0,"20":0},"f":{"0":0,"1":0,"2":0,"3":0,"4":0,"5":0,"6":0},"b":{"0":[0,0],"1":[0,0],"2":[0,0]},"_coverageSchema":"1a1c01bbd47fc00a2c39e90264f33305004495a9","hash":"96e52f9b4e19a223fac08e2a1585457df56b11fb"}
,"C:\\Users\\dayan\\Desktop\\LAB\\burger-ladies\\src\\services\\api.jsx": {"path":"C:\\Users\\dayan\\Desktop\\LAB\\burger-ladies\\src\\services\\api.jsx","statementMap":{"0":{"start":{"line":1,"column":12},"end":{"line":1,"column":59}},"1":{"start":{"line":4,"column":26},"end":{"line":17,"column":1}},"2":{"start":{"line":5,"column":18},"end":{"line":9,"column":3}},"3":{"start":{"line":10,"column":2},"end":{"line":16,"column":5}},"4":{"start":{"line":19,"column":25},"end":{"line":32,"column":1}},"5":{"start":{"line":20,"column":19},"end":{"line":24,"column":3}},"6":{"start":{"line":25,"column":2},"end":{"line":31,"column":5}},"7":{"start":{"line":35,"column":31},"end":{"line":44,"column":3}},"8":{"start":{"line":36,"column":1},"end":{"line":42,"column":3}}},"fnMap":{"0":{"name":"(anonymous_0)","decl":{"start":{"line":4,"column":26},"end":{"line":4,"column":27}},"loc":{"start":{"line":4,"column":53},"end":{"line":17,"column":1}},"line":4},"1":{"name":"(anonymous_1)","decl":{"start":{"line":19,"column":25},"end":{"line":19,"column":26}},"loc":{"start":{"line":19,"column":46},"end":{"line":32,"column":1}},"line":19},"2":{"name":"(anonymous_2)","decl":{"start":{"line":35,"column":31},"end":{"line":35,"column":32}},"loc":{"start":{"line":35,"column":37},"end":{"line":44,"column":3}},"line":35}},"branchMap":{},"s":{"0":1,"1":1,"2":0,"3":0,"4":1,"5":0,"6":0,"7":1,"8":0},"f":{"0":0,"1":0,"2":0},"b":{},"_coverageSchema":"1a1c01bbd47fc00a2c39e90264f33305004495a9","hash":"2083981a8d917f5cc8e592539efccf3512d7b66c"}
,"C:\\Users\\dayan\\Desktop\\LAB\\burger-ladies\\src\\services\\localStorage.jsx": {"path":"C:\\Users\\dayan\\Desktop\\LAB\\burger-ladies\\src\\services\\localStorage.jsx","statementMap":{"0":{"start":{"line":1,"column":21},"end":{"line":12,"column":1}},"1":{"start":{"line":2,"column":4},"end":{"line":2,"column":40}},"2":{"start":{"line":3,"column":4},"end":{"line":3,"column":38}},"3":{"start":{"line":14,"column":27},"end":{"line":17,"column":1}},"4":{"start":{"line":15,"column":4},"end":{"line":15,"column":43}},"5":{"start":{"line":16,"column":4},"end":{"line":16,"column":41}},"6":{"start":{"line":20,"column":24},"end":{"line":21,"column":29}},"7":{"start":{"line":21,"column":0},"end":{"line":21,"column":29}},"8":{"start":{"line":24,"column":23},"end":{"line":25,"column":28}},"9":{"start":{"line":25,"column":0},"end":{"line":25,"column":28}}},"fnMap":{"0":{"name":"(anonymous_0)","decl":{"start":{"line":1,"column":21},"end":{"line":1,"column":22}},"loc":{"start":{"line":1,"column":38},"end":{"line":12,"column":1}},"line":1},"1":{"name":"(anonymous_1)","decl":{"start":{"line":14,"column":27},"end":{"line":14,"column":28}},"loc":{"start":{"line":14,"column":44},"end":{"line":17,"column":1}},"line":14},"2":{"name":"(anonymous_2)","decl":{"start":{"line":20,"column":24},"end":{"line":20,"column":25}},"loc":{"start":{"line":21,"column":0},"end":{"line":21,"column":29}},"line":21},"3":{"name":"(anonymous_3)","decl":{"start":{"line":24,"column":23},"end":{"line":24,"column":24}},"loc":{"start":{"line":25,"column":0},"end":{"line":25,"column":28}},"line":25}},"branchMap":{},"s":{"0":1,"1":0,"2":0,"3":1,"4":0,"5":0,"6":1,"7":0,"8":1,"9":0},"f":{"0":0,"1":0,"2":0,"3":0},"b":{},"_coverageSchema":"1a1c01bbd47fc00a2c39e90264f33305004495a9","hash":"af438288b395ffa2a3bfe7f406bc477818af9066"}
,"C:\\Users\\dayan\\Desktop\\LAB\\burger-ladies\\src\\styles\\Form.styled.js": {"path":"C:\\Users\\dayan\\Desktop\\LAB\\burger-ladies\\src\\styles\\Form.styled.js","statementMap":{"0":{"start":{"line":3,"column":24},"end":{"line":6,"column":1}},"1":{"start":{"line":7,"column":20},"end":{"line":73,"column":1}},"2":{"start":{"line":74,"column":26},"end":{"line":91,"column":1}}},"fnMap":{},"branchMap":{},"s":{"0":1,"1":1,"2":1},"f":{},"b":{},"_coverageSchema":"1a1c01bbd47fc00a2c39e90264f33305004495a9","hash":"5e84d03ae34ea4da5806dd4446031b23c271962f"}
,"C:\\Users\\dayan\\Desktop\\LAB\\burger-ladies\\src\\styles\\Header.styles.js": {"path":"C:\\Users\\dayan\\Desktop\\LAB\\burger-ladies\\src\\styles\\Header.styles.js","statementMap":{"0":{"start":{"line":3,"column":31},"end":{"line":22,"column":2}}},"fnMap":{},"branchMap":{},"s":{"0":2},"f":{},"b":{},"_coverageSchema":"1a1c01bbd47fc00a2c39e90264f33305004495a9","hash":"398f6407754409b14bab512576ab430798bcaa60"}
,"C:\\Users\\dayan\\Desktop\\LAB\\burger-ladies\\src\\styles\\Home.styled.js": {"path":"C:\\Users\\dayan\\Desktop\\LAB\\burger-ladies\\src\\styles\\Home.styled.js","statementMap":{"0":{"start":{"line":3,"column":31},"end":{"line":8,"column":1}},"1":{"start":{"line":10,"column":22},"end":{"line":25,"column":1}}},"fnMap":{},"branchMap":{},"s":{"0":1,"1":1},"f":{},"b":{},"_coverageSchema":"1a1c01bbd47fc00a2c39e90264f33305004495a9","hash":"6d04e79c80550905e12f1b39bf78d591dae0054a"}
,"C:\\Users\\dayan\\Desktop\\LAB\\burger-ladies\\src\\styles\\Menu.styles.js": {"path":"C:\\Users\\dayan\\Desktop\\LAB\\burger-ladies\\src\\styles\\Menu.styles.js","statementMap":{"0":{"start":{"line":3,"column":29},"end":{"line":7,"column":1}}},"fnMap":{},"branchMap":{},"s":{"0":1},"f":{},"b":{},"_coverageSchema":"1a1c01bbd47fc00a2c39e90264f33305004495a9","hash":"c4173f75341e422ce972aed0ea5b128182bfb529"}
,"C:\\Users\\dayan\\Desktop\\LAB\\burger-ladies\\src\\styles\\NotFound.styles.js": {"path":"C:\\Users\\dayan\\Desktop\\LAB\\burger-ladies\\src\\styles\\NotFound.styles.js","statementMap":{"0":{"start":{"line":4,"column":21},"end":{"line":29,"column":1}}},"fnMap":{},"branchMap":{},"s":{"0":1},"f":{},"b":{},"_coverageSchema":"1a1c01bbd47fc00a2c39e90264f33305004495a9","hash":"9c27bc9be7c17910f7891df12ed1d64a0f393ca3"}
,"C:\\Users\\dayan\\Desktop\\LAB\\burger-ladies\\src\\styles\\Ordered.styles.js": {"path":"C:\\Users\\dayan\\Desktop\\LAB\\burger-ladies\\src\\styles\\Ordered.styles.js","statementMap":{"0":{"start":{"line":4,"column":23},"end":{"line":43,"column":1}},"1":{"start":{"line":44,"column":25},"end":{"line":72,"column":3}}},"fnMap":{},"branchMap":{},"s":{"0":1,"1":1},"f":{},"b":{},"_coverageSchema":"1a1c01bbd47fc00a2c39e90264f33305004495a9","hash":"fb9072d3851383cba5ea6e63bed9ece686c6f41f"}
}
