{"C:\\Users\\geice\\Desktop\\LAB - SAP009\\burger-ladies\\.jest\\mocks\\fileMock.js": {"path":"C:\\Users\\geice\\Desktop\\LAB - SAP009\\burger-ladies\\.jest\\mocks\\fileMock.js","statementMap":{"0":{"start":{"line":1,"column":0},"end":{"line":1,"column":33}}},"fnMap":{},"branchMap":{},"s":{"0":14},"f":{},"b":{},"_coverageSchema":"1a1c01bbd47fc00a2c39e90264f33305004495a9","hash":"578b6fb95c3b66942a8529475ea122e5ad32fd8e"}
,"C:\\Users\\geice\\Desktop\\LAB - SAP009\\burger-ladies\\src\\App.jsx": {"path":"C:\\Users\\geice\\Desktop\\LAB - SAP009\\burger-ladies\\src\\App.jsx","statementMap":{"0":{"start":{"line":4,"column":2},"end":{"line":8,"column":4}}},"fnMap":{"0":{"name":"App","decl":{"start":{"line":3,"column":9},"end":{"line":3,"column":12}},"loc":{"start":{"line":3,"column":15},"end":{"line":9,"column":1}},"line":3}},"branchMap":{},"s":{"0":1},"f":{"0":1},"b":{},"_coverageSchema":"1a1c01bbd47fc00a2c39e90264f33305004495a9","hash":"c970f3284e79081f7566750f38a9941ad3dbc114"}
,"C:\\Users\\geice\\Desktop\\LAB - SAP009\\burger-ladies\\src\\PrivateRoute.jsx": {"path":"C:\\Users\\geice\\Desktop\\LAB - SAP009\\burger-ladies\\src\\PrivateRoute.jsx","statementMap":{"0":{"start":{"line":3,"column":21},"end":{"line":6,"column":1}},"1":{"start":{"line":4,"column":17},"end":{"line":4,"column":61}},"2":{"start":{"line":5,"column":2},"end":{"line":5,"column":58}}},"fnMap":{"0":{"name":"(anonymous_0)","decl":{"start":{"line":3,"column":21},"end":{"line":3,"column":22}},"loc":{"start":{"line":3,"column":51},"end":{"line":6,"column":1}},"line":3}},"branchMap":{"0":{"loc":{"start":{"line":5,"column":9},"end":{"line":5,"column":57}},"type":"cond-expr","locations":[{"start":{"line":5,"column":18},"end":{"line":5,"column":26}},{"start":{"line":5,"column":29},"end":{"line":5,"column":57}}],"line":5}},"s":{"0":1,"1":0,"2":0},"f":{"0":0},"b":{"0":[0,0]},"_coverageSchema":"1a1c01bbd47fc00a2c39e90264f33305004495a9","hash":"58416ba61173317aa146fbfdb33b3c91f8c2a89c"}
,"C:\\Users\\geice\\Desktop\\LAB - SAP009\\burger-ladies\\src\\Router.jsx": {"path":"C:\\Users\\geice\\Desktop\\LAB - SAP009\\burger-ladies\\src\\Router.jsx","statementMap":{"0":{"start":{"line":17,"column":15},"end":{"line":103,"column":1}},"1":{"start":{"line":18,"column":4},"end":{"line":102,"column":5}}},"fnMap":{"0":{"name":"(anonymous_0)","decl":{"start":{"line":17,"column":15},"end":{"line":17,"column":16}},"loc":{"start":{"line":17,"column":21},"end":{"line":103,"column":1}},"line":17}},"branchMap":{},"s":{"0":1,"1":1},"f":{"0":1},"b":{},"_coverageSchema":"1a1c01bbd47fc00a2c39e90264f33305004495a9","hash":"16bd5712d3f8dd4149f4f628e58561b1d002d0b1"}
,"C:\\Users\\geice\\Desktop\\LAB - SAP009\\burger-ladies\\src\\Components\\Cards.jsx": {"path":"C:\\Users\\geice\\Desktop\\LAB - SAP009\\burger-ladies\\src\\Components\\Cards.jsx","statementMap":{"0":{"start":{"line":11,"column":14},"end":{"line":30,"column":1}},"1":{"start":{"line":12,"column":39},"end":{"line":12,"column":43}},"2":{"start":{"line":15,"column":2},"end":{"line":29,"column":4}},"3":{"start":{"line":24,"column":31},"end":{"line":24,"column":48}}},"fnMap":{"0":{"name":"(anonymous_0)","decl":{"start":{"line":11,"column":14},"end":{"line":11,"column":15}},"loc":{"start":{"line":11,"column":41},"end":{"line":30,"column":1}},"line":11},"1":{"name":"(anonymous_1)","decl":{"start":{"line":24,"column":25},"end":{"line":24,"column":26}},"loc":{"start":{"line":24,"column":31},"end":{"line":24,"column":48}},"line":24}},"branchMap":{},"s":{"0":4,"1":1,"2":1,"3":0},"f":{"0":1,"1":0},"b":{},"_coverageSchema":"1a1c01bbd47fc00a2c39e90264f33305004495a9","hash":"2a2bc3dbe3349e0a4bb5720e71e1cccfff037a86"}
,"C:\\Users\\geice\\Desktop\\LAB - SAP009\\burger-ladies\\src\\Components\\EditProducts.jsx": {"path":"C:\\Users\\geice\\Desktop\\LAB - SAP009\\burger-ladies\\src\\Components\\EditProducts.jsx","statementMap":{"0":{"start":{"line":10,"column":20},"end":{"line":143,"column":1}},"1":{"start":{"line":11,"column":26},"end":{"line":11,"column":38}},"2":{"start":{"line":12,"column":26},"end":{"line":12,"column":48}},"3":{"start":{"line":13,"column":24},"end":{"line":13,"column":45}},"4":{"start":{"line":14,"column":40},"end":{"line":14,"column":69}},"5":{"start":{"line":15,"column":28},"end":{"line":15,"column":51}},"6":{"start":{"line":16,"column":26},"end":{"line":16,"column":48}},"7":{"start":{"line":17,"column":34},"end":{"line":17,"column":60}},"8":{"start":{"line":18,"column":30},"end":{"line":18,"column":54}},"9":{"start":{"line":20,"column":21},"end":{"line":23,"column":3}},"10":{"start":{"line":21,"column":4},"end":{"line":21,"column":32}},"11":{"start":{"line":22,"column":4},"end":{"line":22,"column":27}},"12":{"start":{"line":24,"column":20},"end":{"line":24,"column":49}},"13":{"start":{"line":24,"column":27},"end":{"line":24,"column":49}},"14":{"start":{"line":25,"column":28},"end":{"line":25,"column":65}},"15":{"start":{"line":25,"column":35},"end":{"line":25,"column":65}},"16":{"start":{"line":26,"column":22},"end":{"line":26,"column":53}},"17":{"start":{"line":26,"column":29},"end":{"line":26,"column":53}},"18":{"start":{"line":27,"column":21},"end":{"line":27,"column":51}},"19":{"start":{"line":27,"column":28},"end":{"line":27,"column":51}},"20":{"start":{"line":28,"column":25},"end":{"line":28,"column":59}},"21":{"start":{"line":28,"column":32},"end":{"line":28,"column":59}},"22":{"start":{"line":29,"column":23},"end":{"line":29,"column":55}},"23":{"start":{"line":29,"column":30},"end":{"line":29,"column":55}},"24":{"start":{"line":32,"column":4},"end":{"line":32,"column":25}},"25":{"start":{"line":34,"column":27},"end":{"line":43,"column":5}},"26":{"start":{"line":44,"column":4},"end":{"line":52,"column":7}},"27":{"start":{"line":46,"column":6},"end":{"line":46,"column":80}},"28":{"start":{"line":46,"column":30},"end":{"line":46,"column":78}},"29":{"start":{"line":46,"column":55},"end":{"line":46,"column":77}},"30":{"start":{"line":47,"column":6},"end":{"line":47,"column":24}},"31":{"start":{"line":51,"column":6},"end":{"line":51,"column":25}},"32":{"start":{"line":54,"column":4},"end":{"line":54,"column":28}},"33":{"start":{"line":57,"column":2},"end":{"line":142,"column":4}},"34":{"start":{"line":140,"column":29},"end":{"line":140,"column":63}}},"fnMap":{"0":{"name":"(anonymous_0)","decl":{"start":{"line":10,"column":20},"end":{"line":10,"column":21}},"loc":{"start":{"line":10,"column":37},"end":{"line":143,"column":1}},"line":10},"1":{"name":"(anonymous_1)","decl":{"start":{"line":20,"column":21},"end":{"line":20,"column":22}},"loc":{"start":{"line":20,"column":28},"end":{"line":23,"column":3}},"line":20},"2":{"name":"(anonymous_2)","decl":{"start":{"line":24,"column":20},"end":{"line":24,"column":21}},"loc":{"start":{"line":24,"column":27},"end":{"line":24,"column":49}},"line":24},"3":{"name":"(anonymous_3)","decl":{"start":{"line":25,"column":28},"end":{"line":25,"column":29}},"loc":{"start":{"line":25,"column":35},"end":{"line":25,"column":65}},"line":25},"4":{"name":"(anonymous_4)","decl":{"start":{"line":26,"column":22},"end":{"line":26,"column":23}},"loc":{"start":{"line":26,"column":29},"end":{"line":26,"column":53}},"line":26},"5":{"name":"(anonymous_5)","decl":{"start":{"line":27,"column":21},"end":{"line":27,"column":22}},"loc":{"start":{"line":27,"column":28},"end":{"line":27,"column":51}},"line":27},"6":{"name":"(anonymous_6)","decl":{"start":{"line":28,"column":25},"end":{"line":28,"column":26}},"loc":{"start":{"line":28,"column":32},"end":{"line":28,"column":59}},"line":28},"7":{"name":"(anonymous_7)","decl":{"start":{"line":29,"column":23},"end":{"line":29,"column":24}},"loc":{"start":{"line":29,"column":30},"end":{"line":29,"column":55}},"line":29},"8":{"name":"handleUpdate","decl":{"start":{"line":31,"column":17},"end":{"line":31,"column":29}},"loc":{"start":{"line":31,"column":47},"end":{"line":55,"column":3}},"line":31},"9":{"name":"(anonymous_9)","decl":{"start":{"line":45,"column":10},"end":{"line":45,"column":11}},"loc":{"start":{"line":45,"column":20},"end":{"line":48,"column":5}},"line":45},"10":{"name":"(anonymous_10)","decl":{"start":{"line":46,"column":15},"end":{"line":46,"column":16}},"loc":{"start":{"line":46,"column":30},"end":{"line":46,"column":78}},"line":46},"11":{"name":"(anonymous_11)","decl":{"start":{"line":46,"column":47},"end":{"line":46,"column":48}},"loc":{"start":{"line":46,"column":55},"end":{"line":46,"column":77}},"line":46},"12":{"name":"(anonymous_12)","decl":{"start":{"line":50,"column":11},"end":{"line":50,"column":12}},"loc":{"start":{"line":50,"column":22},"end":{"line":52,"column":5}},"line":50},"13":{"name":"(anonymous_13)","decl":{"start":{"line":140,"column":23},"end":{"line":140,"column":24}},"loc":{"start":{"line":140,"column":29},"end":{"line":140,"column":63}},"line":140}},"branchMap":{},"s":{"0":2,"1":0,"2":0,"3":0,"4":0,"5":0,"6":0,"7":0,"8":0,"9":0,"10":0,"11":0,"12":0,"13":0,"14":0,"15":0,"16":0,"17":0,"18":0,"19":0,"20":0,"21":0,"22":0,"23":0,"24":0,"25":0,"26":0,"27":0,"28":0,"29":0,"30":0,"31":0,"32":0,"33":0,"34":0},"f":{"0":0,"1":0,"2":0,"3":0,"4":0,"5":0,"6":0,"7":0,"8":0,"9":0,"10":0,"11":0,"12":0,"13":0},"b":{},"_coverageSchema":"1a1c01bbd47fc00a2c39e90264f33305004495a9","hash":"f50965d8e40153b39143caa072ec1e4fc020a86a"}
,"C:\\Users\\geice\\Desktop\\LAB - SAP009\\burger-ladies\\src\\Components\\EditUser.jsx": {"path":"C:\\Users\\geice\\Desktop\\LAB - SAP009\\burger-ladies\\src\\Components\\EditUser.jsx","statementMap":{"0":{"start":{"line":10,"column":17},"end":{"line":112,"column":1}},"1":{"start":{"line":11,"column":34},"end":{"line":11,"column":54}},"2":{"start":{"line":12,"column":36},"end":{"line":12,"column":57}},"3":{"start":{"line":13,"column":42},"end":{"line":13,"column":66}},"4":{"start":{"line":14,"column":34},"end":{"line":14,"column":58}},"5":{"start":{"line":15,"column":28},"end":{"line":15,"column":49}},"6":{"start":{"line":16,"column":2},"end":{"line":16,"column":21}},"7":{"start":{"line":18,"column":21},"end":{"line":18,"column":55}},"8":{"start":{"line":18,"column":28},"end":{"line":18,"column":55}},"9":{"start":{"line":19,"column":22},"end":{"line":19,"column":57}},"10":{"start":{"line":19,"column":29},"end":{"line":19,"column":57}},"11":{"start":{"line":20,"column":25},"end":{"line":20,"column":63}},"12":{"start":{"line":20,"column":32},"end":{"line":20,"column":63}},"13":{"start":{"line":21,"column":21},"end":{"line":21,"column":55}},"14":{"start":{"line":21,"column":28},"end":{"line":21,"column":55}},"15":{"start":{"line":24,"column":4},"end":{"line":24,"column":22}},"16":{"start":{"line":25,"column":4},"end":{"line":25,"column":23}},"17":{"start":{"line":27,"column":19},"end":{"line":32,"column":5}},"18":{"start":{"line":33,"column":4},"end":{"line":45,"column":9}},"19":{"start":{"line":40,"column":8},"end":{"line":40,"column":35}},"20":{"start":{"line":41,"column":8},"end":{"line":41,"column":23}},"21":{"start":{"line":44,"column":8},"end":{"line":44,"column":27}},"22":{"start":{"line":46,"column":6},"end":{"line":46,"column":24}},"23":{"start":{"line":49,"column":2},"end":{"line":111,"column":4}}},"fnMap":{"0":{"name":"(anonymous_0)","decl":{"start":{"line":10,"column":17},"end":{"line":10,"column":18}},"loc":{"start":{"line":10,"column":28},"end":{"line":112,"column":1}},"line":10},"1":{"name":"(anonymous_1)","decl":{"start":{"line":18,"column":21},"end":{"line":18,"column":22}},"loc":{"start":{"line":18,"column":28},"end":{"line":18,"column":55}},"line":18},"2":{"name":"(anonymous_2)","decl":{"start":{"line":19,"column":22},"end":{"line":19,"column":23}},"loc":{"start":{"line":19,"column":29},"end":{"line":19,"column":57}},"line":19},"3":{"name":"(anonymous_3)","decl":{"start":{"line":20,"column":25},"end":{"line":20,"column":26}},"loc":{"start":{"line":20,"column":32},"end":{"line":20,"column":63}},"line":20},"4":{"name":"(anonymous_4)","decl":{"start":{"line":21,"column":21},"end":{"line":21,"column":22}},"loc":{"start":{"line":21,"column":28},"end":{"line":21,"column":55}},"line":21},"5":{"name":"editUsers","decl":{"start":{"line":23,"column":17},"end":{"line":23,"column":26}},"loc":{"start":{"line":23,"column":36},"end":{"line":47,"column":3}},"line":23},"6":{"name":"(anonymous_6)","decl":{"start":{"line":39,"column":12},"end":{"line":39,"column":13}},"loc":{"start":{"line":39,"column":22},"end":{"line":42,"column":7}},"line":39},"7":{"name":"(anonymous_7)","decl":{"start":{"line":43,"column":13},"end":{"line":43,"column":14}},"loc":{"start":{"line":43,"column":24},"end":{"line":45,"column":7}},"line":43}},"branchMap":{},"s":{"0":3,"1":5,"2":4,"3":4,"4":4,"5":4,"6":4,"7":4,"8":0,"9":4,"10":0,"11":4,"12":0,"13":4,"14":0,"15":0,"16":0,"17":0,"18":0,"19":0,"20":0,"21":0,"22":0,"23":4},"f":{"0":5,"1":0,"2":0,"3":0,"4":0,"5":0,"6":0,"7":0},"b":{},"_coverageSchema":"1a1c01bbd47fc00a2c39e90264f33305004495a9","hash":"7b0b9ecbd9847dd2f98aeb09719d0e5b3f1c1f61"}
,"C:\\Users\\geice\\Desktop\\LAB - SAP009\\burger-ladies\\src\\Components\\Formulary.jsx": {"path":"C:\\Users\\geice\\Desktop\\LAB - SAP009\\burger-ladies\\src\\Components\\Formulary.jsx","statementMap":{"0":{"start":{"line":4,"column":18},"end":{"line":18,"column":1}},"1":{"start":{"line":5,"column":2},"end":{"line":17,"column":4}}},"fnMap":{"0":{"name":"(anonymous_0)","decl":{"start":{"line":4,"column":18},"end":{"line":4,"column":19}},"loc":{"start":{"line":4,"column":68},"end":{"line":18,"column":1}},"line":4}},"branchMap":{},"s":{"0":13,"1":39},"f":{"0":39},"b":{},"_coverageSchema":"1a1c01bbd47fc00a2c39e90264f33305004495a9","hash":"169348c5ff21fd4b8ff4aae05f666ddbc8a11757"}
,"C:\\Users\\geice\\Desktop\\LAB - SAP009\\burger-ladies\\src\\Components\\Header.jsx": {"path":"C:\\Users\\geice\\Desktop\\LAB - SAP009\\burger-ladies\\src\\Components\\Header.jsx","statementMap":{"0":{"start":{"line":12,"column":2},"end":{"line":12,"column":10}},"1":{"start":{"line":13,"column":2},"end":{"line":13,"column":18}},"2":{"start":{"line":16,"column":2},"end":{"line":39,"column":3}},"3":{"start":{"line":31,"column":23},"end":{"line":31,"column":29}}},"fnMap":{"0":{"name":"Header","decl":{"start":{"line":9,"column":9},"end":{"line":9,"column":15}},"loc":{"start":{"line":9,"column":18},"end":{"line":40,"column":1}},"line":9},"1":{"name":"sair","decl":{"start":{"line":11,"column":10},"end":{"line":11,"column":14}},"loc":{"start":{"line":11,"column":16},"end":{"line":14,"column":2}},"line":11},"2":{"name":"(anonymous_2)","decl":{"start":{"line":31,"column":17},"end":{"line":31,"column":18}},"loc":{"start":{"line":31,"column":23},"end":{"line":31,"column":29}},"line":31}},"branchMap":{},"s":{"0":0,"1":0,"2":30,"3":0},"f":{"0":30,"1":0,"2":0},"b":{},"_coverageSchema":"1a1c01bbd47fc00a2c39e90264f33305004495a9","hash":"ee723dcaebaa9dc5d23a33939782c819d35c37de"}
,"C:\\Users\\geice\\Desktop\\LAB - SAP009\\burger-ladies\\src\\Components\\HeaderLogin.jsx": {"path":"C:\\Users\\geice\\Desktop\\LAB - SAP009\\burger-ladies\\src\\Components\\HeaderLogin.jsx","statementMap":{"0":{"start":{"line":4,"column":20},"end":{"line":10,"column":1}},"1":{"start":{"line":5,"column":2},"end":{"line":9,"column":4}}},"fnMap":{"0":{"name":"(anonymous_0)","decl":{"start":{"line":4,"column":20},"end":{"line":4,"column":21}},"loc":{"start":{"line":4,"column":26},"end":{"line":10,"column":1}},"line":4}},"branchMap":{},"s":{"0":11,"1":2},"f":{"0":2},"b":{},"_coverageSchema":"1a1c01bbd47fc00a2c39e90264f33305004495a9","hash":"34d1f824a0d2c02c2f0faedcb7780bdc0044439f"}
,"C:\\Users\\geice\\Desktop\\LAB - SAP009\\burger-ladies\\src\\Components\\KitchenProgress.jsx": {"path":"C:\\Users\\geice\\Desktop\\LAB - SAP009\\burger-ladies\\src\\Components\\KitchenProgress.jsx","statementMap":{"0":{"start":{"line":13,"column":24},"end":{"line":131,"column":1}},"1":{"start":{"line":14,"column":30},"end":{"line":14,"column":42}},"2":{"start":{"line":15,"column":46},"end":{"line":15,"column":58}},"3":{"start":{"line":16,"column":38},"end":{"line":16,"column":53}},"4":{"start":{"line":17,"column":30},"end":{"line":17,"column":42}},"5":{"start":{"line":19,"column":20},"end":{"line":27,"column":3}},"6":{"start":{"line":20,"column":4},"end":{"line":26,"column":7}},"7":{"start":{"line":22,"column":6},"end":{"line":22,"column":22}},"8":{"start":{"line":25,"column":6},"end":{"line":25,"column":27}},"9":{"start":{"line":29,"column":2},"end":{"line":31,"column":9}},"10":{"start":{"line":30,"column":4},"end":{"line":30,"column":16}},"11":{"start":{"line":33,"column":23},"end":{"line":36,"column":3}},"12":{"start":{"line":34,"column":4},"end":{"line":34,"column":30}},"13":{"start":{"line":35,"column":4},"end":{"line":35,"column":24}},"14":{"start":{"line":38,"column":25},"end":{"line":40,"column":12}},"15":{"start":{"line":39,"column":31},"end":{"line":39,"column":62}},"16":{"start":{"line":42,"column":23},"end":{"line":63,"column":3}},"17":{"start":{"line":43,"column":4},"end":{"line":53,"column":5}},"18":{"start":{"line":45,"column":8},"end":{"line":45,"column":33}},"19":{"start":{"line":46,"column":8},"end":{"line":46,"column":14}},"20":{"start":{"line":48,"column":8},"end":{"line":48,"column":31}},"21":{"start":{"line":49,"column":8},"end":{"line":49,"column":14}},"22":{"start":{"line":51,"column":8},"end":{"line":51,"column":33}},"23":{"start":{"line":52,"column":8},"end":{"line":52,"column":14}},"24":{"start":{"line":54,"column":4},"end":{"line":61,"column":9}},"25":{"start":{"line":55,"column":26},"end":{"line":55,"column":41}},"26":{"start":{"line":57,"column":8},"end":{"line":57,"column":31}},"27":{"start":{"line":60,"column":8},"end":{"line":60,"column":27}},"28":{"start":{"line":62,"column":4},"end":{"line":62,"column":29}},"29":{"start":{"line":66,"column":4},"end":{"line":78,"column":9}},"30":{"start":{"line":68,"column":8},"end":{"line":70,"column":9}},"31":{"start":{"line":69,"column":10},"end":{"line":69,"column":56}},"32":{"start":{"line":73,"column":8},"end":{"line":73,"column":82}},"33":{"start":{"line":73,"column":34},"end":{"line":73,"column":80}},"34":{"start":{"line":73,"column":59},"end":{"line":73,"column":79}},"35":{"start":{"line":74,"column":8},"end":{"line":74,"column":26}},"36":{"start":{"line":77,"column":8},"end":{"line":77,"column":27}},"37":{"start":{"line":79,"column":4},"end":{"line":79,"column":24}},"38":{"start":{"line":82,"column":2},"end":{"line":130,"column":4}},"39":{"start":{"line":85,"column":39},"end":{"line":85,"column":61}},"40":{"start":{"line":88,"column":39},"end":{"line":88,"column":63}},"41":{"start":{"line":91,"column":39},"end":{"line":91,"column":61}},"42":{"start":{"line":94,"column":39},"end":{"line":94,"column":63}},"43":{"start":{"line":101,"column":12},"end":{"line":126,"column":24}},"44":{"start":{"line":110,"column":20},"end":{"line":112,"column":27}},"45":{"start":{"line":117,"column":45},"end":{"line":117,"column":63}},"46":{"start":{"line":122,"column":45},"end":{"line":122,"column":63}}},"fnMap":{"0":{"name":"(anonymous_0)","decl":{"start":{"line":13,"column":24},"end":{"line":13,"column":25}},"loc":{"start":{"line":13,"column":30},"end":{"line":131,"column":1}},"line":13},"1":{"name":"(anonymous_1)","decl":{"start":{"line":19,"column":20},"end":{"line":19,"column":21}},"loc":{"start":{"line":19,"column":32},"end":{"line":27,"column":3}},"line":19},"2":{"name":"(anonymous_2)","decl":{"start":{"line":21,"column":10},"end":{"line":21,"column":11}},"loc":{"start":{"line":21,"column":20},"end":{"line":23,"column":5}},"line":21},"3":{"name":"(anonymous_3)","decl":{"start":{"line":24,"column":11},"end":{"line":24,"column":12}},"loc":{"start":{"line":24,"column":22},"end":{"line":26,"column":5}},"line":24},"4":{"name":"(anonymous_4)","decl":{"start":{"line":29,"column":12},"end":{"line":29,"column":13}},"loc":{"start":{"line":29,"column":18},"end":{"line":31,"column":3}},"line":29},"5":{"name":"(anonymous_5)","decl":{"start":{"line":33,"column":23},"end":{"line":33,"column":24}},"loc":{"start":{"line":33,"column":35},"end":{"line":36,"column":3}},"line":33},"6":{"name":"(anonymous_6)","decl":{"start":{"line":39,"column":20},"end":{"line":39,"column":21}},"loc":{"start":{"line":39,"column":31},"end":{"line":39,"column":62}},"line":39},"7":{"name":"(anonymous_7)","decl":{"start":{"line":42,"column":23},"end":{"line":42,"column":24}},"loc":{"start":{"line":42,"column":39},"end":{"line":63,"column":3}},"line":42},"8":{"name":"(anonymous_8)","decl":{"start":{"line":55,"column":12},"end":{"line":55,"column":13}},"loc":{"start":{"line":55,"column":26},"end":{"line":55,"column":41}},"line":55},"9":{"name":"(anonymous_9)","decl":{"start":{"line":56,"column":12},"end":{"line":56,"column":13}},"loc":{"start":{"line":56,"column":22},"end":{"line":58,"column":7}},"line":56},"10":{"name":"(anonymous_10)","decl":{"start":{"line":59,"column":13},"end":{"line":59,"column":14}},"loc":{"start":{"line":59,"column":24},"end":{"line":61,"column":7}},"line":59},"11":{"name":"deleteOrders","decl":{"start":{"line":65,"column":17},"end":{"line":65,"column":29}},"loc":{"start":{"line":65,"column":37},"end":{"line":80,"column":3}},"line":65},"12":{"name":"(anonymous_12)","decl":{"start":{"line":67,"column":12},"end":{"line":67,"column":13}},"loc":{"start":{"line":67,"column":26},"end":{"line":71,"column":7}},"line":67},"13":{"name":"(anonymous_13)","decl":{"start":{"line":72,"column":12},"end":{"line":72,"column":13}},"loc":{"start":{"line":72,"column":22},"end":{"line":75,"column":7}},"line":72},"14":{"name":"(anonymous_14)","decl":{"start":{"line":73,"column":19},"end":{"line":73,"column":20}},"loc":{"start":{"line":73,"column":34},"end":{"line":73,"column":80}},"line":73},"15":{"name":"(anonymous_15)","decl":{"start":{"line":73,"column":51},"end":{"line":73,"column":52}},"loc":{"start":{"line":73,"column":59},"end":{"line":73,"column":79}},"line":73},"16":{"name":"(anonymous_16)","decl":{"start":{"line":76,"column":13},"end":{"line":76,"column":14}},"loc":{"start":{"line":76,"column":24},"end":{"line":78,"column":7}},"line":76},"17":{"name":"(anonymous_17)","decl":{"start":{"line":85,"column":33},"end":{"line":85,"column":34}},"loc":{"start":{"line":85,"column":39},"end":{"line":85,"column":61}},"line":85},"18":{"name":"(anonymous_18)","decl":{"start":{"line":88,"column":33},"end":{"line":88,"column":34}},"loc":{"start":{"line":88,"column":39},"end":{"line":88,"column":63}},"line":88},"19":{"name":"(anonymous_19)","decl":{"start":{"line":91,"column":33},"end":{"line":91,"column":34}},"loc":{"start":{"line":91,"column":39},"end":{"line":91,"column":61}},"line":91},"20":{"name":"(anonymous_20)","decl":{"start":{"line":94,"column":33},"end":{"line":94,"column":34}},"loc":{"start":{"line":94,"column":39},"end":{"line":94,"column":63}},"line":94},"21":{"name":"(anonymous_21)","decl":{"start":{"line":100,"column":29},"end":{"line":100,"column":30}},"loc":{"start":{"line":101,"column":12},"end":{"line":126,"column":24}},"line":101},"22":{"name":"(anonymous_22)","decl":{"start":{"line":109,"column":36},"end":{"line":109,"column":37}},"loc":{"start":{"line":110,"column":20},"end":{"line":112,"column":27}},"line":110},"23":{"name":"(anonymous_23)","decl":{"start":{"line":117,"column":39},"end":{"line":117,"column":40}},"loc":{"start":{"line":117,"column":45},"end":{"line":117,"column":63}},"line":117},"24":{"name":"(anonymous_24)","decl":{"start":{"line":122,"column":39},"end":{"line":122,"column":40}},"loc":{"start":{"line":122,"column":45},"end":{"line":122,"column":63}},"line":122}},"branchMap":{"0":{"loc":{"start":{"line":38,"column":25},"end":{"line":40,"column":12}},"type":"cond-expr","locations":[{"start":{"line":39,"column":6},"end":{"line":39,"column":63}},{"start":{"line":40,"column":6},"end":{"line":40,"column":12}}],"line":38},"1":{"loc":{"start":{"line":43,"column":4},"end":{"line":53,"column":5}},"type":"switch","locations":[{"start":{"line":44,"column":6},"end":{"line":46,"column":14}},{"start":{"line":47,"column":6},"end":{"line":49,"column":14}},{"start":{"line":50,"column":6},"end":{"line":52,"column":14}}],"line":43},"2":{"loc":{"start":{"line":68,"column":8},"end":{"line":70,"column":9}},"type":"if","locations":[{"start":{"line":68,"column":8},"end":{"line":70,"column":9}},{"start":{},"end":{}}],"line":68},"3":{"loc":{"start":{"line":99,"column":9},"end":{"line":127,"column":12}},"type":"binary-expr","locations":[{"start":{"line":99,"column":9},"end":{"line":99,"column":19}},{"start":{"line":100,"column":10},"end":{"line":127,"column":12}}],"line":99}},"s":{"0":4,"1":7,"2":6,"3":6,"4":6,"5":6,"6":2,"7":2,"8":0,"9":6,"10":2,"11":6,"12":0,"13":0,"14":6,"15":0,"16":6,"17":0,"18":0,"19":0,"20":0,"21":0,"22":0,"23":0,"24":0,"25":0,"26":0,"27":0,"28":0,"29":0,"30":0,"31":0,"32":0,"33":0,"34":0,"35":0,"36":0,"37":0,"38":6,"39":0,"40":0,"41":0,"42":0,"43":0,"44":0,"45":0,"46":0},"f":{"0":7,"1":2,"2":2,"3":0,"4":2,"5":0,"6":0,"7":0,"8":0,"9":0,"10":0,"11":0,"12":0,"13":0,"14":0,"15":0,"16":0,"17":0,"18":0,"19":0,"20":0,"21":0,"22":0,"23":0,"24":0},"b":{"0":[0,6],"1":[0,0,0],"2":[0,0],"3":[6,0]},"_coverageSchema":"1a1c01bbd47fc00a2c39e90264f33305004495a9","hash":"e1f186feaa0870c9ad2b112abc06f0e62efd4512"}
,"C:\\Users\\geice\\Desktop\\LAB - SAP009\\burger-ladies\\src\\Components\\MyCart.jsx": {"path":"C:\\Users\\geice\\Desktop\\LAB - SAP009\\burger-ladies\\src\\Components\\MyCart.jsx","statementMap":{"0":{"start":{"line":9,"column":15},"end":{"line":41,"column":1}},"1":{"start":{"line":10,"column":19},"end":{"line":10,"column":32}},"2":{"start":{"line":12,"column":4},"end":{"line":12,"column":13}},"3":{"start":{"line":13,"column":4},"end":{"line":13,"column":18}},"4":{"start":{"line":16,"column":2},"end":{"line":40,"column":4}},"5":{"start":{"line":25,"column":27},"end":{"line":25,"column":40}},"6":{"start":{"line":29,"column":29},"end":{"line":29,"column":35}},"7":{"start":{"line":34,"column":29},"end":{"line":34,"column":43}}},"fnMap":{"0":{"name":"(anonymous_0)","decl":{"start":{"line":9,"column":15},"end":{"line":9,"column":16}},"loc":{"start":{"line":9,"column":38},"end":{"line":41,"column":1}},"line":9},"1":{"name":"sair","decl":{"start":{"line":11,"column":11},"end":{"line":11,"column":15}},"loc":{"start":{"line":11,"column":18},"end":{"line":14,"column":3}},"line":11},"2":{"name":"(anonymous_2)","decl":{"start":{"line":25,"column":21},"end":{"line":25,"column":22}},"loc":{"start":{"line":25,"column":27},"end":{"line":25,"column":40}},"line":25},"3":{"name":"(anonymous_3)","decl":{"start":{"line":29,"column":23},"end":{"line":29,"column":24}},"loc":{"start":{"line":29,"column":29},"end":{"line":29,"column":35}},"line":29},"4":{"name":"(anonymous_4)","decl":{"start":{"line":34,"column":23},"end":{"line":34,"column":24}},"loc":{"start":{"line":34,"column":29},"end":{"line":34,"column":43}},"line":34}},"branchMap":{},"s":{"0":2,"1":4,"2":0,"3":0,"4":0,"5":0,"6":0,"7":0},"f":{"0":4,"1":0,"2":0,"3":0,"4":0},"b":{},"_coverageSchema":"1a1c01bbd47fc00a2c39e90264f33305004495a9","hash":"4e746589c1fede029ebfab0bb1772541f7283218"}
,"C:\\Users\\geice\\Desktop\\LAB - SAP009\\burger-ladies\\src\\Components\\Select.jsx": {"path":"C:\\Users\\geice\\Desktop\\LAB - SAP009\\burger-ladies\\src\\Components\\Select.jsx","statementMap":{"0":{"start":{"line":3,"column":15},"end":{"line":32,"column":1}},"1":{"start":{"line":15,"column":2},"end":{"line":31,"column":3}}},"fnMap":{"0":{"name":"(anonymous_0)","decl":{"start":{"line":3,"column":15},"end":{"line":3,"column":16}},"loc":{"start":{"line":14,"column":6},"end":{"line":32,"column":1}},"line":14}},"branchMap":{},"s":{"0":7,"1":13},"f":{"0":13},"b":{},"_coverageSchema":"1a1c01bbd47fc00a2c39e90264f33305004495a9","hash":"12d9bffe4b525a7c848b8b537b76b4d1c1dc69ae"}
,"C:\\Users\\geice\\Desktop\\LAB - SAP009\\burger-ladies\\src\\Pages\\AdcProducts.jsx": {"path":"C:\\Users\\geice\\Desktop\\LAB - SAP009\\burger-ladies\\src\\Pages\\AdcProducts.jsx","statementMap":{"0":{"start":{"line":11,"column":34},"end":{"line":11,"column":47}},"1":{"start":{"line":12,"column":26},"end":{"line":12,"column":38}},"2":{"start":{"line":13,"column":24},"end":{"line":13,"column":36}},"3":{"start":{"line":14,"column":40},"end":{"line":14,"column":52}},"4":{"start":{"line":15,"column":28},"end":{"line":15,"column":40}},"5":{"start":{"line":16,"column":26},"end":{"line":16,"column":38}},"6":{"start":{"line":17,"column":34},"end":{"line":17,"column":46}},"7":{"start":{"line":18,"column":30},"end":{"line":18,"column":42}},"8":{"start":{"line":19,"column":38},"end":{"line":19,"column":53}},"9":{"start":{"line":21,"column":21},"end":{"line":21,"column":53}},"10":{"start":{"line":21,"column":29},"end":{"line":21,"column":52}},"11":{"start":{"line":22,"column":20},"end":{"line":22,"column":49}},"12":{"start":{"line":22,"column":27},"end":{"line":22,"column":49}},"13":{"start":{"line":23,"column":28},"end":{"line":23,"column":65}},"14":{"start":{"line":23,"column":35},"end":{"line":23,"column":65}},"15":{"start":{"line":24,"column":22},"end":{"line":24,"column":53}},"16":{"start":{"line":24,"column":29},"end":{"line":24,"column":53}},"17":{"start":{"line":25,"column":21},"end":{"line":25,"column":51}},"18":{"start":{"line":25,"column":28},"end":{"line":25,"column":51}},"19":{"start":{"line":26,"column":24},"end":{"line":26,"column":58}},"20":{"start":{"line":26,"column":31},"end":{"line":26,"column":58}},"21":{"start":{"line":27,"column":23},"end":{"line":27,"column":55}},"22":{"start":{"line":27,"column":30},"end":{"line":27,"column":55}},"23":{"start":{"line":30,"column":4},"end":{"line":30,"column":23}},"24":{"start":{"line":32,"column":4},"end":{"line":48,"column":6}},"25":{"start":{"line":34,"column":6},"end":{"line":37,"column":7}},"26":{"start":{"line":35,"column":8},"end":{"line":35,"column":28}},"27":{"start":{"line":36,"column":8},"end":{"line":36,"column":31}},"28":{"start":{"line":38,"column":6},"end":{"line":38,"column":18}},"29":{"start":{"line":39,"column":6},"end":{"line":39,"column":25}},"30":{"start":{"line":40,"column":6},"end":{"line":40,"column":17}},"31":{"start":{"line":41,"column":6},"end":{"line":41,"column":19}},"32":{"start":{"line":42,"column":6},"end":{"line":42,"column":18}},"33":{"start":{"line":43,"column":6},"end":{"line":43,"column":22}},"34":{"start":{"line":44,"column":6},"end":{"line":44,"column":20}},"35":{"start":{"line":47,"column":6},"end":{"line":47,"column":73}},"36":{"start":{"line":51,"column":2},"end":{"line":128,"column":4}}},"fnMap":{"0":{"name":"AdcProducts","decl":{"start":{"line":10,"column":9},"end":{"line":10,"column":20}},"loc":{"start":{"line":10,"column":23},"end":{"line":129,"column":1}},"line":10},"1":{"name":"(anonymous_1)","decl":{"start":{"line":21,"column":21},"end":{"line":21,"column":22}},"loc":{"start":{"line":21,"column":28},"end":{"line":21,"column":53}},"line":21},"2":{"name":"(anonymous_2)","decl":{"start":{"line":22,"column":20},"end":{"line":22,"column":21}},"loc":{"start":{"line":22,"column":27},"end":{"line":22,"column":49}},"line":22},"3":{"name":"(anonymous_3)","decl":{"start":{"line":23,"column":28},"end":{"line":23,"column":29}},"loc":{"start":{"line":23,"column":35},"end":{"line":23,"column":65}},"line":23},"4":{"name":"(anonymous_4)","decl":{"start":{"line":24,"column":22},"end":{"line":24,"column":23}},"loc":{"start":{"line":24,"column":29},"end":{"line":24,"column":53}},"line":24},"5":{"name":"(anonymous_5)","decl":{"start":{"line":25,"column":21},"end":{"line":25,"column":22}},"loc":{"start":{"line":25,"column":28},"end":{"line":25,"column":51}},"line":25},"6":{"name":"(anonymous_6)","decl":{"start":{"line":26,"column":24},"end":{"line":26,"column":25}},"loc":{"start":{"line":26,"column":31},"end":{"line":26,"column":58}},"line":26},"7":{"name":"(anonymous_7)","decl":{"start":{"line":27,"column":23},"end":{"line":27,"column":24}},"loc":{"start":{"line":27,"column":30},"end":{"line":27,"column":55}},"line":27},"8":{"name":"addProdutos","decl":{"start":{"line":29,"column":11},"end":{"line":29,"column":22}},"loc":{"start":{"line":29,"column":26},"end":{"line":49,"column":3}},"line":29},"9":{"name":"(anonymous_9)","decl":{"start":{"line":33,"column":10},"end":{"line":33,"column":11}},"loc":{"start":{"line":33,"column":24},"end":{"line":45,"column":5}},"line":33},"10":{"name":"(anonymous_10)","decl":{"start":{"line":46,"column":11},"end":{"line":46,"column":12}},"loc":{"start":{"line":47,"column":6},"end":{"line":47,"column":73}},"line":47}},"branchMap":{"0":{"loc":{"start":{"line":34,"column":6},"end":{"line":37,"column":7}},"type":"if","locations":[{"start":{"line":34,"column":6},"end":{"line":37,"column":7}},{"start":{},"end":{}}],"line":34},"1":{"loc":{"start":{"line":124,"column":9},"end":{"line":124,"column":71}},"type":"binary-expr","locations":[{"start":{"line":124,"column":9},"end":{"line":124,"column":19}},{"start":{"line":124,"column":23},"end":{"line":124,"column":71}}],"line":124}},"s":{"0":3,"1":2,"2":2,"3":2,"4":2,"5":2,"6":2,"7":2,"8":2,"9":2,"10":0,"11":2,"12":0,"13":2,"14":0,"15":2,"16":0,"17":2,"18":0,"19":2,"20":0,"21":2,"22":0,"23":0,"24":0,"25":0,"26":0,"27":0,"28":0,"29":0,"30":0,"31":0,"32":0,"33":0,"34":0,"35":0,"36":2},"f":{"0":3,"1":0,"2":0,"3":0,"4":0,"5":0,"6":0,"7":0,"8":0,"9":0,"10":0},"b":{"0":[0,0],"1":[2,0]},"_coverageSchema":"1a1c01bbd47fc00a2c39e90264f33305004495a9","hash":"a68da8bc15d3aae9c5e679d18667bda6fa397eaf"}
,"C:\\Users\\geice\\Desktop\\LAB - SAP009\\burger-ladies\\src\\Pages\\Adm.jsx": {"path":"C:\\Users\\geice\\Desktop\\LAB - SAP009\\burger-ladies\\src\\Pages\\Adm.jsx","statementMap":{"0":{"start":{"line":5,"column":12},"end":{"line":25,"column":1}},"1":{"start":{"line":6,"column":2},"end":{"line":24,"column":4}}},"fnMap":{"0":{"name":"(anonymous_0)","decl":{"start":{"line":5,"column":12},"end":{"line":5,"column":13}},"loc":{"start":{"line":5,"column":18},"end":{"line":25,"column":1}},"line":5}},"branchMap":{},"s":{"0":2,"1":3},"f":{"0":3},"b":{},"_coverageSchema":"1a1c01bbd47fc00a2c39e90264f33305004495a9","hash":"b4b94048e2c689a2e828e70e2800d000907bb5be"}
,"C:\\Users\\geice\\Desktop\\LAB - SAP009\\burger-ladies\\src\\Pages\\Attendance.jsx": {"path":"C:\\Users\\geice\\Desktop\\LAB - SAP009\\burger-ladies\\src\\Pages\\Attendance.jsx","statementMap":{"0":{"start":{"line":6,"column":19},"end":{"line":16,"column":1}},"1":{"start":{"line":7,"column":2},"end":{"line":15,"column":4}}},"fnMap":{"0":{"name":"(anonymous_0)","decl":{"start":{"line":6,"column":19},"end":{"line":6,"column":20}},"loc":{"start":{"line":6,"column":25},"end":{"line":16,"column":1}},"line":6}},"branchMap":{},"s":{"0":2,"1":3},"f":{"0":3},"b":{},"_coverageSchema":"1a1c01bbd47fc00a2c39e90264f33305004495a9","hash":"c62b59e8000d14ecf01c8047813aa9506cdcfa32"}
,"C:\\Users\\geice\\Desktop\\LAB - SAP009\\burger-ladies\\src\\Pages\\Cart.jsx": {"path":"C:\\Users\\geice\\Desktop\\LAB - SAP009\\burger-ladies\\src\\Pages\\Cart.jsx","statementMap":{"0":{"start":{"line":16,"column":13},"end":{"line":124,"column":1}},"1":{"start":{"line":17,"column":28},"end":{"line":17,"column":39}},"2":{"start":{"line":18,"column":38},"end":{"line":18,"column":51}},"3":{"start":{"line":19,"column":40},"end":{"line":19,"column":53}},"4":{"start":{"line":20,"column":31},"end":{"line":20,"column":50}},"5":{"start":{"line":22,"column":27},"end":{"line":22,"column":63}},"6":{"start":{"line":22,"column":34},"end":{"line":22,"column":63}},"7":{"start":{"line":23,"column":28},"end":{"line":23,"column":65}},"8":{"start":{"line":23,"column":35},"end":{"line":23,"column":65}},"9":{"start":{"line":26,"column":23},"end":{"line":29,"column":3}},"10":{"start":{"line":27,"column":16},"end":{"line":27,"column":53}},"11":{"start":{"line":27,"column":38},"end":{"line":27,"column":52}},"12":{"start":{"line":28,"column":4},"end":{"line":28,"column":17}},"13":{"start":{"line":32,"column":22},"end":{"line":38,"column":5}},"14":{"start":{"line":33,"column":27},"end":{"line":33,"column":28}},"15":{"start":{"line":34,"column":4},"end":{"line":36,"column":7}},"16":{"start":{"line":35,"column":6},"end":{"line":35,"column":51}},"17":{"start":{"line":37,"column":4},"end":{"line":37,"column":31}},"18":{"start":{"line":41,"column":2},"end":{"line":43,"column":5}},"19":{"start":{"line":42,"column":4},"end":{"line":42,"column":17}},"20":{"start":{"line":47,"column":22},"end":{"line":62,"column":3}},"21":{"start":{"line":48,"column":23},"end":{"line":54,"column":5}},"22":{"start":{"line":55,"column":4},"end":{"line":55,"column":25}},"23":{"start":{"line":56,"column":4},"end":{"line":56,"column":48}},"24":{"start":{"line":58,"column":4},"end":{"line":58,"column":22}},"25":{"start":{"line":59,"column":4},"end":{"line":59,"column":23}},"26":{"start":{"line":60,"column":4},"end":{"line":60,"column":17}},"27":{"start":{"line":64,"column":2},"end":{"line":123,"column":4}},"28":{"start":{"line":97,"column":8},"end":{"line":111,"column":18}},"29":{"start":{"line":104,"column":37},"end":{"line":104,"column":59}},"30":{"start":{"line":106,"column":37},"end":{"line":106,"column":59}},"31":{"start":{"line":109,"column":35},"end":{"line":109,"column":56}},"32":{"start":{"line":114,"column":37},"end":{"line":114,"column":50}}},"fnMap":{"0":{"name":"(anonymous_0)","decl":{"start":{"line":16,"column":13},"end":{"line":16,"column":14}},"loc":{"start":{"line":16,"column":49},"end":{"line":124,"column":1}},"line":16},"1":{"name":"(anonymous_1)","decl":{"start":{"line":22,"column":27},"end":{"line":22,"column":28}},"loc":{"start":{"line":22,"column":34},"end":{"line":22,"column":63}},"line":22},"2":{"name":"(anonymous_2)","decl":{"start":{"line":23,"column":28},"end":{"line":23,"column":29}},"loc":{"start":{"line":23,"column":35},"end":{"line":23,"column":65}},"line":23},"3":{"name":"(anonymous_3)","decl":{"start":{"line":26,"column":23},"end":{"line":26,"column":24}},"loc":{"start":{"line":26,"column":31},"end":{"line":29,"column":3}},"line":26},"4":{"name":"(anonymous_4)","decl":{"start":{"line":27,"column":28},"end":{"line":27,"column":29}},"loc":{"start":{"line":27,"column":38},"end":{"line":27,"column":52}},"line":27},"5":{"name":"(anonymous_5)","decl":{"start":{"line":32,"column":22},"end":{"line":32,"column":23}},"loc":{"start":{"line":32,"column":28},"end":{"line":38,"column":5}},"line":32},"6":{"name":"(anonymous_6)","decl":{"start":{"line":34,"column":13},"end":{"line":34,"column":14}},"loc":{"start":{"line":34,"column":23},"end":{"line":36,"column":5}},"line":34},"7":{"name":"(anonymous_7)","decl":{"start":{"line":41,"column":12},"end":{"line":41,"column":13}},"loc":{"start":{"line":41,"column":16},"end":{"line":43,"column":3}},"line":41},"8":{"name":"(anonymous_8)","decl":{"start":{"line":47,"column":22},"end":{"line":47,"column":23}},"loc":{"start":{"line":47,"column":28},"end":{"line":62,"column":3}},"line":47},"9":{"name":"(anonymous_9)","decl":{"start":{"line":96,"column":15},"end":{"line":96,"column":16}},"loc":{"start":{"line":97,"column":8},"end":{"line":111,"column":18}},"line":97},"10":{"name":"(anonymous_10)","decl":{"start":{"line":104,"column":31},"end":{"line":104,"column":32}},"loc":{"start":{"line":104,"column":37},"end":{"line":104,"column":59}},"line":104},"11":{"name":"(anonymous_11)","decl":{"start":{"line":106,"column":31},"end":{"line":106,"column":32}},"loc":{"start":{"line":106,"column":37},"end":{"line":106,"column":59}},"line":106},"12":{"name":"(anonymous_12)","decl":{"start":{"line":109,"column":29},"end":{"line":109,"column":30}},"loc":{"start":{"line":109,"column":35},"end":{"line":109,"column":56}},"line":109},"13":{"name":"(anonymous_13)","decl":{"start":{"line":114,"column":32},"end":{"line":114,"column":33}},"loc":{"start":{"line":114,"column":37},"end":{"line":114,"column":50}},"line":114}},"branchMap":{},"s":{"0":3,"1":4,"2":4,"3":4,"4":4,"5":4,"6":0,"7":4,"8":0,"9":4,"10":0,"11":0,"12":0,"13":4,"14":0,"15":0,"16":0,"17":0,"18":4,"19":0,"20":4,"21":0,"22":0,"23":0,"24":0,"25":0,"26":0,"27":4,"28":0,"29":0,"30":0,"31":0,"32":0},"f":{"0":4,"1":0,"2":0,"3":0,"4":0,"5":0,"6":0,"7":0,"8":0,"9":0,"10":0,"11":0,"12":0,"13":0},"b":{},"_coverageSchema":"1a1c01bbd47fc00a2c39e90264f33305004495a9","hash":"4fc560d98980459f5156adfc3b370c356a673355"}
,"C:\\Users\\geice\\Desktop\\LAB - SAP009\\burger-ladies\\src\\Pages\\Kitchen.jsx": {"path":"C:\\Users\\geice\\Desktop\\LAB - SAP009\\burger-ladies\\src\\Pages\\Kitchen.jsx","statementMap":{"0":{"start":{"line":4,"column":16},"end":{"line":11,"column":1}},"1":{"start":{"line":5,"column":2},"end":{"line":10,"column":4}}},"fnMap":{"0":{"name":"(anonymous_0)","decl":{"start":{"line":4,"column":16},"end":{"line":4,"column":17}},"loc":{"start":{"line":4,"column":22},"end":{"line":11,"column":1}},"line":4}},"branchMap":{},"s":{"0":2,"1":3},"f":{"0":3},"b":{},"_coverageSchema":"1a1c01bbd47fc00a2c39e90264f33305004495a9","hash":"991eb5f622b7b8455316259b701f7a594ce07be1"}
,"C:\\Users\\geice\\Desktop\\LAB - SAP009\\burger-ladies\\src\\Pages\\ListUsers.jsx": {"path":"C:\\Users\\geice\\Desktop\\LAB - SAP009\\burger-ladies\\src\\Pages\\ListUsers.jsx","statementMap":{"0":{"start":{"line":13,"column":18},"end":{"line":97,"column":1}},"1":{"start":{"line":14,"column":28},"end":{"line":14,"column":40}},"2":{"start":{"line":15,"column":26},"end":{"line":15,"column":41}},"3":{"start":{"line":17,"column":19},"end":{"line":25,"column":3}},"4":{"start":{"line":18,"column":4},"end":{"line":24,"column":7}},"5":{"start":{"line":20,"column":6},"end":{"line":20,"column":21}},"6":{"start":{"line":23,"column":6},"end":{"line":23,"column":27}},"7":{"start":{"line":27,"column":2},"end":{"line":29,"column":9}},"8":{"start":{"line":28,"column":4},"end":{"line":28,"column":15}},"9":{"start":{"line":32,"column":4},"end":{"line":47,"column":9}},"10":{"start":{"line":34,"column":8},"end":{"line":36,"column":9}},"11":{"start":{"line":35,"column":10},"end":{"line":35,"column":60}},"12":{"start":{"line":40,"column":8},"end":{"line":42,"column":10}},"13":{"start":{"line":41,"column":10},"end":{"line":41,"column":57}},"14":{"start":{"line":41,"column":37},"end":{"line":41,"column":56}},"15":{"start":{"line":43,"column":8},"end":{"line":43,"column":26}},"16":{"start":{"line":46,"column":8},"end":{"line":46,"column":27}},"17":{"start":{"line":48,"column":4},"end":{"line":48,"column":25}},"18":{"start":{"line":59,"column":2},"end":{"line":96,"column":4}},"19":{"start":{"line":65,"column":10},"end":{"line":80,"column":12}},"20":{"start":{"line":75,"column":41},"end":{"line":75,"column":58}},"21":{"start":{"line":76,"column":41},"end":{"line":76,"column":54}},"22":{"start":{"line":86,"column":31},"end":{"line":93,"column":10}}},"fnMap":{"0":{"name":"(anonymous_0)","decl":{"start":{"line":13,"column":18},"end":{"line":13,"column":19}},"loc":{"start":{"line":13,"column":24},"end":{"line":97,"column":1}},"line":13},"1":{"name":"(anonymous_1)","decl":{"start":{"line":17,"column":19},"end":{"line":17,"column":20}},"loc":{"start":{"line":17,"column":31},"end":{"line":25,"column":3}},"line":17},"2":{"name":"(anonymous_2)","decl":{"start":{"line":19,"column":10},"end":{"line":19,"column":11}},"loc":{"start":{"line":19,"column":20},"end":{"line":21,"column":5}},"line":19},"3":{"name":"(anonymous_3)","decl":{"start":{"line":22,"column":11},"end":{"line":22,"column":12}},"loc":{"start":{"line":22,"column":22},"end":{"line":24,"column":5}},"line":22},"4":{"name":"(anonymous_4)","decl":{"start":{"line":27,"column":12},"end":{"line":27,"column":13}},"loc":{"start":{"line":27,"column":18},"end":{"line":29,"column":3}},"line":27},"5":{"name":"deleteUsers","decl":{"start":{"line":31,"column":17},"end":{"line":31,"column":28}},"loc":{"start":{"line":31,"column":35},"end":{"line":49,"column":3}},"line":31},"6":{"name":"(anonymous_6)","decl":{"start":{"line":33,"column":12},"end":{"line":33,"column":13}},"loc":{"start":{"line":33,"column":26},"end":{"line":37,"column":7}},"line":33},"7":{"name":"(anonymous_7)","decl":{"start":{"line":38,"column":12},"end":{"line":38,"column":13}},"loc":{"start":{"line":38,"column":22},"end":{"line":44,"column":7}},"line":38},"8":{"name":"(anonymous_8)","decl":{"start":{"line":40,"column":17},"end":{"line":40,"column":18}},"loc":{"start":{"line":41,"column":10},"end":{"line":41,"column":57}},"line":41},"9":{"name":"(anonymous_9)","decl":{"start":{"line":41,"column":27},"end":{"line":41,"column":28}},"loc":{"start":{"line":41,"column":37},"end":{"line":41,"column":56}},"line":41},"10":{"name":"(anonymous_10)","decl":{"start":{"line":45,"column":13},"end":{"line":45,"column":14}},"loc":{"start":{"line":45,"column":24},"end":{"line":47,"column":7}},"line":45},"11":{"name":"(anonymous_11)","decl":{"start":{"line":64,"column":19},"end":{"line":64,"column":20}},"loc":{"start":{"line":64,"column":29},"end":{"line":81,"column":9}},"line":64},"12":{"name":"(anonymous_12)","decl":{"start":{"line":75,"column":35},"end":{"line":75,"column":36}},"loc":{"start":{"line":75,"column":41},"end":{"line":75,"column":58}},"line":75},"13":{"name":"(anonymous_13)","decl":{"start":{"line":76,"column":35},"end":{"line":76,"column":36}},"loc":{"start":{"line":76,"column":41},"end":{"line":76,"column":54}},"line":76},"14":{"name":"(anonymous_14)","decl":{"start":{"line":86,"column":21},"end":{"line":86,"column":22}},"loc":{"start":{"line":86,"column":31},"end":{"line":93,"column":10}},"line":86}},"branchMap":{"0":{"loc":{"start":{"line":34,"column":8},"end":{"line":36,"column":9}},"type":"if","locations":[{"start":{"line":34,"column":8},"end":{"line":36,"column":9}},{"start":{},"end":{}}],"line":34},"1":{"loc":{"start":{"line":82,"column":9},"end":{"line":83,"column":22}},"type":"binary-expr","locations":[{"start":{"line":82,"column":9},"end":{"line":82,"column":13}},{"start":{"line":83,"column":10},"end":{"line":83,"column":22}}],"line":82},"2":{"loc":{"start":{"line":86,"column":31},"end":{"line":93,"column":10}},"type":"binary-expr","locations":[{"start":{"line":86,"column":31},"end":{"line":86,"column":35}},{"start":{"line":87,"column":8},"end":{"line":93,"column":10}}],"line":86}},"s":{"0":2,"1":3,"2":2,"3":2,"4":0,"5":0,"6":0,"7":2,"8":0,"9":0,"10":0,"11":0,"12":0,"13":0,"14":0,"15":0,"16":0,"17":0,"18":2,"19":0,"20":0,"21":0,"22":0},"f":{"0":3,"1":0,"2":0,"3":0,"4":0,"5":0,"6":0,"7":0,"8":0,"9":0,"10":0,"11":0,"12":0,"13":0,"14":0},"b":{"0":[0,0],"1":[2,0],"2":[0,0]},"_coverageSchema":"1a1c01bbd47fc00a2c39e90264f33305004495a9","hash":"f7448e67d282ac8a7954668269ce4f6648412ec5"}
,"C:\\Users\\geice\\Desktop\\LAB - SAP009\\burger-ladies\\src\\Pages\\Login.jsx": {"path":"C:\\Users\\geice\\Desktop\\LAB - SAP009\\burger-ladies\\src\\Pages\\Login.jsx","statementMap":{"0":{"start":{"line":11,"column":22},"end":{"line":14,"column":1}},"1":{"start":{"line":12,"column":2},"end":{"line":12,"column":41}},"2":{"start":{"line":13,"column":2},"end":{"line":13,"column":23}},"3":{"start":{"line":17,"column":28},"end":{"line":17,"column":40}},"4":{"start":{"line":18,"column":34},"end":{"line":18,"column":46}},"5":{"start":{"line":19,"column":38},"end":{"line":19,"column":53}},"6":{"start":{"line":21,"column":19},"end":{"line":21,"column":32}},"7":{"start":{"line":23,"column":22},"end":{"line":23,"column":53}},"8":{"start":{"line":23,"column":29},"end":{"line":23,"column":53}},"9":{"start":{"line":24,"column":25},"end":{"line":24,"column":59}},"10":{"start":{"line":24,"column":32},"end":{"line":24,"column":59}},"11":{"start":{"line":27,"column":4},"end":{"line":27,"column":23}},"12":{"start":{"line":28,"column":4},"end":{"line":55,"column":8}},"13":{"start":{"line":30,"column":8},"end":{"line":34,"column":9}},"14":{"start":{"line":31,"column":10},"end":{"line":31,"column":33}},"15":{"start":{"line":33,"column":10},"end":{"line":33,"column":32}},"16":{"start":{"line":37,"column":8},"end":{"line":37,"column":25}},"17":{"start":{"line":37,"column":19},"end":{"line":37,"column":25}},"18":{"start":{"line":38,"column":10},"end":{"line":38,"column":36}},"19":{"start":{"line":39,"column":10},"end":{"line":39,"column":50}},"20":{"start":{"line":40,"column":10},"end":{"line":40,"column":64}},"21":{"start":{"line":41,"column":10},"end":{"line":41,"column":43}},"22":{"start":{"line":42,"column":10},"end":{"line":42,"column":30}},"23":{"start":{"line":43,"column":10},"end":{"line":43,"column":23}},"24":{"start":{"line":44,"column":10},"end":{"line":44,"column":26}},"25":{"start":{"line":45,"column":10},"end":{"line":51,"column":11}},"26":{"start":{"line":46,"column":12},"end":{"line":46,"column":36}},"27":{"start":{"line":47,"column":17},"end":{"line":51,"column":11}},"28":{"start":{"line":48,"column":12},"end":{"line":48,"column":33}},"29":{"start":{"line":49,"column":17},"end":{"line":51,"column":11}},"30":{"start":{"line":50,"column":12},"end":{"line":50,"column":29}},"31":{"start":{"line":54,"column":8},"end":{"line":54,"column":75}},"32":{"start":{"line":58,"column":4},"end":{"line":87,"column":4}}},"fnMap":{"0":{"name":"(anonymous_0)","decl":{"start":{"line":11,"column":22},"end":{"line":11,"column":23}},"loc":{"start":{"line":11,"column":28},"end":{"line":14,"column":1}},"line":11},"1":{"name":"Login","decl":{"start":{"line":16,"column":9},"end":{"line":16,"column":14}},"loc":{"start":{"line":16,"column":17},"end":{"line":88,"column":1}},"line":16},"2":{"name":"(anonymous_2)","decl":{"start":{"line":23,"column":22},"end":{"line":23,"column":23}},"loc":{"start":{"line":23,"column":29},"end":{"line":23,"column":53}},"line":23},"3":{"name":"(anonymous_3)","decl":{"start":{"line":24,"column":25},"end":{"line":24,"column":26}},"loc":{"start":{"line":24,"column":32},"end":{"line":24,"column":59}},"line":24},"4":{"name":"logIn","decl":{"start":{"line":26,"column":11},"end":{"line":26,"column":16}},"loc":{"start":{"line":26,"column":20},"end":{"line":56,"column":3}},"line":26},"5":{"name":"(anonymous_5)","decl":{"start":{"line":29,"column":12},"end":{"line":29,"column":13}},"loc":{"start":{"line":29,"column":26},"end":{"line":35,"column":7}},"line":29},"6":{"name":"(anonymous_6)","decl":{"start":{"line":36,"column":12},"end":{"line":36,"column":13}},"loc":{"start":{"line":36,"column":22},"end":{"line":52,"column":7}},"line":36},"7":{"name":"(anonymous_7)","decl":{"start":{"line":53,"column":13},"end":{"line":53,"column":14}},"loc":{"start":{"line":54,"column":8},"end":{"line":54,"column":75}},"line":54}},"branchMap":{"0":{"loc":{"start":{"line":30,"column":8},"end":{"line":34,"column":9}},"type":"if","locations":[{"start":{"line":30,"column":8},"end":{"line":34,"column":9}},{"start":{"line":32,"column":15},"end":{"line":34,"column":9}}],"line":30},"1":{"loc":{"start":{"line":37,"column":8},"end":{"line":37,"column":25}},"type":"if","locations":[{"start":{"line":37,"column":8},"end":{"line":37,"column":25}},{"start":{},"end":{}}],"line":37},"2":{"loc":{"start":{"line":45,"column":10},"end":{"line":51,"column":11}},"type":"if","locations":[{"start":{"line":45,"column":10},"end":{"line":51,"column":11}},{"start":{"line":47,"column":17},"end":{"line":51,"column":11}}],"line":45},"3":{"loc":{"start":{"line":47,"column":17},"end":{"line":51,"column":11}},"type":"if","locations":[{"start":{"line":47,"column":17},"end":{"line":51,"column":11}},{"start":{"line":49,"column":17},"end":{"line":51,"column":11}}],"line":47},"4":{"loc":{"start":{"line":49,"column":17},"end":{"line":51,"column":11}},"type":"if","locations":[{"start":{"line":49,"column":17},"end":{"line":51,"column":11}},{"start":{},"end":{}}],"line":49}},"s":{"0":11,"1":0,"2":0,"3":2,"4":2,"5":2,"6":2,"7":2,"8":0,"9":2,"10":0,"11":0,"12":0,"13":0,"14":0,"15":0,"16":0,"17":0,"18":0,"19":0,"20":0,"21":0,"22":0,"23":0,"24":0,"25":0,"26":0,"27":0,"28":0,"29":0,"30":0,"31":0,"32":2},"f":{"0":0,"1":2,"2":0,"3":0,"4":0,"5":0,"6":0,"7":0},"b":{"0":[0,0],"1":[0,0],"2":[0,0],"3":[0,0],"4":[0,0]},"_coverageSchema":"1a1c01bbd47fc00a2c39e90264f33305004495a9","hash":"ed06366bdaac363f0bef26ee94bec2ebcaf46deb"}
,"C:\\Users\\geice\\Desktop\\LAB - SAP009\\burger-ladies\\src\\Pages\\NotFound.jsx": {"path":"C:\\Users\\geice\\Desktop\\LAB - SAP009\\burger-ladies\\src\\Pages\\NotFound.jsx","statementMap":{"0":{"start":{"line":4,"column":17},"end":{"line":16,"column":1}},"1":{"start":{"line":5,"column":2},"end":{"line":15,"column":4}}},"fnMap":{"0":{"name":"(anonymous_0)","decl":{"start":{"line":4,"column":17},"end":{"line":4,"column":18}},"loc":{"start":{"line":4,"column":23},"end":{"line":16,"column":1}},"line":4}},"branchMap":{},"s":{"0":2,"1":1},"f":{"0":1},"b":{},"_coverageSchema":"1a1c01bbd47fc00a2c39e90264f33305004495a9","hash":"68ed246aa6ea256b974eace27aa63e65941ab4c8"}
,"C:\\Users\\geice\\Desktop\\LAB - SAP009\\burger-ladies\\src\\Pages\\Ordered.jsx": {"path":"C:\\Users\\geice\\Desktop\\LAB - SAP009\\burger-ladies\\src\\Pages\\Ordered.jsx","statementMap":{"0":{"start":{"line":10,"column":16},"end":{"line":57,"column":1}},"1":{"start":{"line":11,"column":34},"end":{"line":11,"column":46}},"2":{"start":{"line":12,"column":42},"end":{"line":12,"column":54}},"3":{"start":{"line":13,"column":36},"end":{"line":13,"column":51}},"4":{"start":{"line":15,"column":21},"end":{"line":22,"column":3}},"5":{"start":{"line":16,"column":4},"end":{"line":21,"column":6}},"6":{"start":{"line":18,"column":6},"end":{"line":18,"column":24}},"7":{"start":{"line":20,"column":6},"end":{"line":20,"column":24}},"8":{"start":{"line":23,"column":2},"end":{"line":25,"column":9}},"9":{"start":{"line":24,"column":4},"end":{"line":24,"column":17}},"10":{"start":{"line":27,"column":21},"end":{"line":30,"column":3}},"11":{"start":{"line":28,"column":4},"end":{"line":28,"column":26}},"12":{"start":{"line":29,"column":4},"end":{"line":29,"column":23}},"13":{"start":{"line":32,"column":24},"end":{"line":34,"column":14}},"14":{"start":{"line":33,"column":35},"end":{"line":33,"column":64}},"15":{"start":{"line":38,"column":4},"end":{"line":56,"column":4}},"16":{"start":{"line":41,"column":31},"end":{"line":41,"column":58}},"17":{"start":{"line":44,"column":31},"end":{"line":44,"column":59}},"18":{"start":{"line":51,"column":12},"end":{"line":51,"column":73}}},"fnMap":{"0":{"name":"(anonymous_0)","decl":{"start":{"line":10,"column":16},"end":{"line":10,"column":17}},"loc":{"start":{"line":10,"column":37},"end":{"line":57,"column":1}},"line":10},"1":{"name":"(anonymous_1)","decl":{"start":{"line":15,"column":21},"end":{"line":15,"column":22}},"loc":{"start":{"line":15,"column":33},"end":{"line":22,"column":3}},"line":15},"2":{"name":"(anonymous_2)","decl":{"start":{"line":17,"column":10},"end":{"line":17,"column":11}},"loc":{"start":{"line":17,"column":20},"end":{"line":19,"column":5}},"line":17},"3":{"name":"(anonymous_3)","decl":{"start":{"line":19,"column":13},"end":{"line":19,"column":14}},"loc":{"start":{"line":19,"column":24},"end":{"line":21,"column":5}},"line":19},"4":{"name":"(anonymous_4)","decl":{"start":{"line":23,"column":12},"end":{"line":23,"column":13}},"loc":{"start":{"line":23,"column":18},"end":{"line":25,"column":3}},"line":23},"5":{"name":"(anonymous_5)","decl":{"start":{"line":27,"column":21},"end":{"line":27,"column":22}},"loc":{"start":{"line":27,"column":31},"end":{"line":30,"column":3}},"line":27},"6":{"name":"(anonymous_6)","decl":{"start":{"line":33,"column":22},"end":{"line":33,"column":23}},"loc":{"start":{"line":33,"column":35},"end":{"line":33,"column":64}},"line":33},"7":{"name":"(anonymous_7)","decl":{"start":{"line":41,"column":25},"end":{"line":41,"column":26}},"loc":{"start":{"line":41,"column":31},"end":{"line":41,"column":58}},"line":41},"8":{"name":"(anonymous_8)","decl":{"start":{"line":44,"column":25},"end":{"line":44,"column":26}},"loc":{"start":{"line":44,"column":31},"end":{"line":44,"column":59}},"line":44},"9":{"name":"(anonymous_9)","decl":{"start":{"line":50,"column":28},"end":{"line":50,"column":29}},"loc":{"start":{"line":51,"column":12},"end":{"line":51,"column":73}},"line":51}},"branchMap":{"0":{"loc":{"start":{"line":32,"column":24},"end":{"line":34,"column":14}},"type":"cond-expr","locations":[{"start":{"line":33,"column":6},"end":{"line":33,"column":65}},{"start":{"line":34,"column":6},"end":{"line":34,"column":14}}],"line":32},"1":{"loc":{"start":{"line":49,"column":9},"end":{"line":53,"column":12}},"type":"binary-expr","locations":[{"start":{"line":49,"column":9},"end":{"line":49,"column":18}},{"start":{"line":50,"column":10},"end":{"line":53,"column":12}}],"line":49}},"s":{"0":3,"1":4,"2":4,"3":4,"4":4,"5":2,"6":2,"7":0,"8":4,"9":2,"10":4,"11":0,"12":0,"13":4,"14":0,"15":4,"16":0,"17":0,"18":0},"f":{"0":4,"1":2,"2":2,"3":0,"4":2,"5":0,"6":0,"7":0,"8":0,"9":0},"b":{"0":[0,4],"1":[4,0]},"_coverageSchema":"1a1c01bbd47fc00a2c39e90264f33305004495a9","hash":"0d6e61e4b0fdb12f9b8c2569f5c72cd0c431c028"}
,"C:\\Users\\geice\\Desktop\\LAB - SAP009\\burger-ladies\\src\\Pages\\Register.jsx": {"path":"C:\\Users\\geice\\Desktop\\LAB - SAP009\\burger-ladies\\src\\Pages\\Register.jsx","statementMap":{"0":{"start":{"line":11,"column":26},"end":{"line":11,"column":39}},"1":{"start":{"line":12,"column":28},"end":{"line":12,"column":41}},"2":{"start":{"line":13,"column":34},"end":{"line":13,"column":47}},"3":{"start":{"line":14,"column":26},"end":{"line":14,"column":39}},"4":{"start":{"line":15,"column":38},"end":{"line":15,"column":53}},"5":{"start":{"line":17,"column":21},"end":{"line":17,"column":51}},"6":{"start":{"line":17,"column":28},"end":{"line":17,"column":51}},"7":{"start":{"line":18,"column":22},"end":{"line":18,"column":53}},"8":{"start":{"line":18,"column":29},"end":{"line":18,"column":53}},"9":{"start":{"line":19,"column":25},"end":{"line":19,"column":59}},"10":{"start":{"line":19,"column":32},"end":{"line":19,"column":59}},"11":{"start":{"line":20,"column":21},"end":{"line":20,"column":51}},"12":{"start":{"line":20,"column":28},"end":{"line":20,"column":51}},"13":{"start":{"line":23,"column":4},"end":{"line":23,"column":23}},"14":{"start":{"line":24,"column":4},"end":{"line":26,"column":5}},"15":{"start":{"line":25,"column":6},"end":{"line":25,"column":52}},"16":{"start":{"line":27,"column":4},"end":{"line":31,"column":5}},"17":{"start":{"line":28,"column":6},"end":{"line":30,"column":8}},"18":{"start":{"line":33,"column":4},"end":{"line":42,"column":6}},"19":{"start":{"line":35,"column":6},"end":{"line":38,"column":7}},"20":{"start":{"line":36,"column":8},"end":{"line":36,"column":28}},"21":{"start":{"line":37,"column":8},"end":{"line":37,"column":31}},"22":{"start":{"line":41,"column":6},"end":{"line":41,"column":73}},"23":{"start":{"line":45,"column":2},"end":{"line":93,"column":4}}},"fnMap":{"0":{"name":"Register","decl":{"start":{"line":10,"column":9},"end":{"line":10,"column":17}},"loc":{"start":{"line":10,"column":20},"end":{"line":94,"column":1}},"line":10},"1":{"name":"(anonymous_1)","decl":{"start":{"line":17,"column":21},"end":{"line":17,"column":22}},"loc":{"start":{"line":17,"column":28},"end":{"line":17,"column":51}},"line":17},"2":{"name":"(anonymous_2)","decl":{"start":{"line":18,"column":22},"end":{"line":18,"column":23}},"loc":{"start":{"line":18,"column":29},"end":{"line":18,"column":53}},"line":18},"3":{"name":"(anonymous_3)","decl":{"start":{"line":19,"column":25},"end":{"line":19,"column":26}},"loc":{"start":{"line":19,"column":32},"end":{"line":19,"column":59}},"line":19},"4":{"name":"(anonymous_4)","decl":{"start":{"line":20,"column":21},"end":{"line":20,"column":22}},"loc":{"start":{"line":20,"column":28},"end":{"line":20,"column":51}},"line":20},"5":{"name":"registerUser","decl":{"start":{"line":22,"column":11},"end":{"line":22,"column":23}},"loc":{"start":{"line":22,"column":27},"end":{"line":43,"column":3}},"line":22},"6":{"name":"(anonymous_6)","decl":{"start":{"line":34,"column":10},"end":{"line":34,"column":11}},"loc":{"start":{"line":34,"column":24},"end":{"line":39,"column":5}},"line":34},"7":{"name":"(anonymous_7)","decl":{"start":{"line":40,"column":11},"end":{"line":40,"column":12}},"loc":{"start":{"line":41,"column":6},"end":{"line":41,"column":73}},"line":41}},"branchMap":{"0":{"loc":{"start":{"line":24,"column":4},"end":{"line":26,"column":5}},"type":"if","locations":[{"start":{"line":24,"column":4},"end":{"line":26,"column":5}},{"start":{},"end":{}}],"line":24},"1":{"loc":{"start":{"line":27,"column":4},"end":{"line":31,"column":5}},"type":"if","locations":[{"start":{"line":27,"column":4},"end":{"line":31,"column":5}},{"start":{},"end":{}}],"line":27},"2":{"loc":{"start":{"line":35,"column":6},"end":{"line":38,"column":7}},"type":"if","locations":[{"start":{"line":35,"column":6},"end":{"line":38,"column":7}},{"start":{},"end":{}}],"line":35},"3":{"loc":{"start":{"line":90,"column":7},"end":{"line":90,"column":69}},"type":"binary-expr","locations":[{"start":{"line":90,"column":7},"end":{"line":90,"column":17}},{"start":{"line":90,"column":21},"end":{"line":90,"column":69}}],"line":90}},"s":{"0":9,"1":8,"2":8,"3":8,"4":8,"5":8,"6":0,"7":8,"8":0,"9":8,"10":0,"11":8,"12":0,"13":0,"14":0,"15":0,"16":0,"17":0,"18":0,"19":0,"20":0,"21":0,"22":0,"23":8},"f":{"0":9,"1":0,"2":0,"3":0,"4":0,"5":0,"6":0,"7":0},"b":{"0":[0,0],"1":[0,0],"2":[0,0],"3":[8,0]},"_coverageSchema":"1a1c01bbd47fc00a2c39e90264f33305004495a9","hash":"97a1abeef9b1b9148922db0a6f40a8a24af33bbd"}
,"C:\\Users\\geice\\Desktop\\LAB - SAP009\\burger-ladies\\src\\Pages\\TesteOrdered.jsx": {"path":"C:\\Users\\geice\\Desktop\\LAB - SAP009\\burger-ladies\\src\\Pages\\TesteOrdered.jsx","statementMap":{"0":{"start":{"line":9,"column":21},"end":{"line":63,"column":1}},"1":{"start":{"line":10,"column":26},"end":{"line":10,"column":38}},"2":{"start":{"line":11,"column":26},"end":{"line":11,"column":40}},"3":{"start":{"line":12,"column":32},"end":{"line":12,"column":47}},"4":{"start":{"line":15,"column":22},"end":{"line":31,"column":5}},"5":{"start":{"line":16,"column":22},"end":{"line":16,"column":27}},"6":{"start":{"line":17,"column":6},"end":{"line":19,"column":9}},"7":{"start":{"line":18,"column":8},"end":{"line":18,"column":53}},"8":{"start":{"line":18,"column":36},"end":{"line":18,"column":53}},"9":{"start":{"line":20,"column":6},"end":{"line":28,"column":7}},"10":{"start":{"line":21,"column":8},"end":{"line":21,"column":25}},"11":{"start":{"line":22,"column":8},"end":{"line":24,"column":17}},"12":{"start":{"line":23,"column":10},"end":{"line":23,"column":28}},"13":{"start":{"line":25,"column":8},"end":{"line":25,"column":15}},"14":{"start":{"line":27,"column":8},"end":{"line":27,"column":54}},"15":{"start":{"line":30,"column":6},"end":{"line":30,"column":31}},"16":{"start":{"line":33,"column":25},"end":{"line":43,"column":5}},"17":{"start":{"line":34,"column":16},"end":{"line":34,"column":18}},"18":{"start":{"line":35,"column":6},"end":{"line":37,"column":9}},"19":{"start":{"line":36,"column":8},"end":{"line":36,"column":45}},"20":{"start":{"line":36,"column":33},"end":{"line":36,"column":45}},"21":{"start":{"line":39,"column":6},"end":{"line":39,"column":32}},"22":{"start":{"line":41,"column":6},"end":{"line":41,"column":55}},"23":{"start":{"line":41,"column":34},"end":{"line":41,"column":55}},"24":{"start":{"line":42,"column":6},"end":{"line":42,"column":25}},"25":{"start":{"line":45,"column":4},"end":{"line":62,"column":4}}},"fnMap":{"0":{"name":"(anonymous_0)","decl":{"start":{"line":9,"column":21},"end":{"line":9,"column":22}},"loc":{"start":{"line":9,"column":27},"end":{"line":63,"column":1}},"line":9},"1":{"name":"(anonymous_1)","decl":{"start":{"line":15,"column":22},"end":{"line":15,"column":23}},"loc":{"start":{"line":15,"column":32},"end":{"line":31,"column":5}},"line":15},"2":{"name":"(anonymous_2)","decl":{"start":{"line":17,"column":19},"end":{"line":17,"column":20}},"loc":{"start":{"line":17,"column":32},"end":{"line":19,"column":7}},"line":17},"3":{"name":"(anonymous_3)","decl":{"start":{"line":22,"column":19},"end":{"line":22,"column":20}},"loc":{"start":{"line":22,"column":25},"end":{"line":24,"column":9}},"line":22},"4":{"name":"(anonymous_4)","decl":{"start":{"line":33,"column":25},"end":{"line":33,"column":26}},"loc":{"start":{"line":33,"column":42},"end":{"line":43,"column":5}},"line":33},"5":{"name":"(anonymous_5)","decl":{"start":{"line":35,"column":19},"end":{"line":35,"column":20}},"loc":{"start":{"line":35,"column":36},"end":{"line":37,"column":7}},"line":35}},"branchMap":{"0":{"loc":{"start":{"line":18,"column":8},"end":{"line":18,"column":53}},"type":"if","locations":[{"start":{"line":18,"column":8},"end":{"line":18,"column":53}},{"start":{},"end":{}}],"line":18},"1":{"loc":{"start":{"line":20,"column":6},"end":{"line":28,"column":7}},"type":"if","locations":[{"start":{"line":20,"column":6},"end":{"line":28,"column":7}},{"start":{"line":26,"column":13},"end":{"line":28,"column":7}}],"line":20},"2":{"loc":{"start":{"line":36,"column":8},"end":{"line":36,"column":45}},"type":"if","locations":[{"start":{"line":36,"column":8},"end":{"line":36,"column":45}},{"start":{},"end":{}}],"line":36},"3":{"loc":{"start":{"line":41,"column":6},"end":{"line":41,"column":55}},"type":"if","locations":[{"start":{"line":41,"column":6},"end":{"line":41,"column":55}},{"start":{},"end":{}}],"line":41},"4":{"loc":{"start":{"line":49,"column":9},"end":{"line":53,"column":9}},"type":"cond-expr","locations":[{"start":{"line":50,"column":10},"end":{"line":50,"column":47}},{"start":{"line":52,"column":10},"end":{"line":52,"column":76}}],"line":49},"5":{"loc":{"start":{"line":55,"column":9},"end":{"line":60,"column":9}},"type":"binary-expr","locations":[{"start":{"line":55,"column":9},"end":{"line":55,"column":16}},{"start":{"line":56,"column":10},"end":{"line":59,"column":23}}],"line":55}},"s":{"0":2,"1":3,"2":2,"3":2,"4":2,"5":0,"6":0,"7":0,"8":0,"9":0,"10":0,"11":0,"12":0,"13":0,"14":0,"15":0,"16":2,"17":0,"18":0,"19":0,"20":0,"21":0,"22":0,"23":0,"24":0,"25":2},"f":{"0":3,"1":0,"2":0,"3":0,"4":0,"5":0},"b":{"0":[0,0],"1":[0,0],"2":[0,0],"3":[0,0],"4":[2,0],"5":[2,0]},"_coverageSchema":"1a1c01bbd47fc00a2c39e90264f33305004495a9","hash":"e35901ed6e2af118445f19f8f55b9513d537171e"}
,"C:\\Users\\geice\\Desktop\\LAB - SAP009\\burger-ladies\\src\\Pages\\listProducts.jsx": {"path":"C:\\Users\\geice\\Desktop\\LAB - SAP009\\burger-ladies\\src\\Pages\\listProducts.jsx","statementMap":{"0":{"start":{"line":12,"column":21},"end":{"line":113,"column":1}},"1":{"start":{"line":13,"column":34},"end":{"line":13,"column":46}},"2":{"start":{"line":14,"column":36},"end":{"line":14,"column":51}},"3":{"start":{"line":15,"column":46},"end":{"line":15,"column":60}},"4":{"start":{"line":17,"column":22},"end":{"line":25,"column":3}},"5":{"start":{"line":18,"column":4},"end":{"line":24,"column":7}},"6":{"start":{"line":20,"column":6},"end":{"line":20,"column":24}},"7":{"start":{"line":23,"column":6},"end":{"line":23,"column":27}},"8":{"start":{"line":27,"column":2},"end":{"line":29,"column":9}},"9":{"start":{"line":28,"column":4},"end":{"line":28,"column":18}},"10":{"start":{"line":32,"column":4},"end":{"line":47,"column":9}},"11":{"start":{"line":34,"column":8},"end":{"line":36,"column":9}},"12":{"start":{"line":35,"column":10},"end":{"line":35,"column":53}},"13":{"start":{"line":40,"column":8},"end":{"line":42,"column":10}},"14":{"start":{"line":41,"column":10},"end":{"line":41,"column":60}},"15":{"start":{"line":41,"column":37},"end":{"line":41,"column":59}},"16":{"start":{"line":43,"column":8},"end":{"line":43,"column":26}},"17":{"start":{"line":46,"column":8},"end":{"line":46,"column":27}},"18":{"start":{"line":48,"column":4},"end":{"line":48,"column":25}},"19":{"start":{"line":51,"column":28},"end":{"line":60,"column":1}},"20":{"start":{"line":52,"column":26},"end":{"line":57,"column":4}},"21":{"start":{"line":53,"column":4},"end":{"line":55,"column":5}},"22":{"start":{"line":54,"column":6},"end":{"line":54,"column":50}},"23":{"start":{"line":56,"column":4},"end":{"line":56,"column":18}},"24":{"start":{"line":58,"column":2},"end":{"line":58,"column":30}},"25":{"start":{"line":59,"column":2},"end":{"line":59,"column":14}},"26":{"start":{"line":63,"column":20},"end":{"line":66,"column":3}},"27":{"start":{"line":64,"column":4},"end":{"line":64,"column":30}},"28":{"start":{"line":65,"column":4},"end":{"line":65,"column":22}},"29":{"start":{"line":68,"column":21},"end":{"line":71,"column":3}},"30":{"start":{"line":69,"column":4},"end":{"line":69,"column":27}},"31":{"start":{"line":70,"column":4},"end":{"line":70,"column":23}},"32":{"start":{"line":73,"column":2},"end":{"line":112,"column":4}},"33":{"start":{"line":94,"column":14},"end":{"line":106,"column":19}},"34":{"start":{"line":100,"column":43},"end":{"line":100,"column":66}},"35":{"start":{"line":104,"column":40},"end":{"line":104,"column":58}}},"fnMap":{"0":{"name":"(anonymous_0)","decl":{"start":{"line":12,"column":21},"end":{"line":12,"column":22}},"loc":{"start":{"line":12,"column":27},"end":{"line":113,"column":1}},"line":12},"1":{"name":"(anonymous_1)","decl":{"start":{"line":17,"column":22},"end":{"line":17,"column":23}},"loc":{"start":{"line":17,"column":34},"end":{"line":25,"column":3}},"line":17},"2":{"name":"(anonymous_2)","decl":{"start":{"line":19,"column":10},"end":{"line":19,"column":11}},"loc":{"start":{"line":19,"column":20},"end":{"line":21,"column":5}},"line":19},"3":{"name":"(anonymous_3)","decl":{"start":{"line":22,"column":11},"end":{"line":22,"column":12}},"loc":{"start":{"line":22,"column":22},"end":{"line":24,"column":5}},"line":22},"4":{"name":"(anonymous_4)","decl":{"start":{"line":27,"column":12},"end":{"line":27,"column":13}},"loc":{"start":{"line":27,"column":18},"end":{"line":29,"column":3}},"line":27},"5":{"name":"deleteProducts","decl":{"start":{"line":31,"column":17},"end":{"line":31,"column":31}},"loc":{"start":{"line":31,"column":41},"end":{"line":49,"column":3}},"line":31},"6":{"name":"(anonymous_6)","decl":{"start":{"line":33,"column":12},"end":{"line":33,"column":13}},"loc":{"start":{"line":33,"column":26},"end":{"line":37,"column":7}},"line":33},"7":{"name":"(anonymous_7)","decl":{"start":{"line":38,"column":12},"end":{"line":38,"column":13}},"loc":{"start":{"line":38,"column":22},"end":{"line":44,"column":7}},"line":38},"8":{"name":"(anonymous_8)","decl":{"start":{"line":40,"column":20},"end":{"line":40,"column":21}},"loc":{"start":{"line":41,"column":10},"end":{"line":41,"column":60}},"line":41},"9":{"name":"(anonymous_9)","decl":{"start":{"line":41,"column":27},"end":{"line":41,"column":28}},"loc":{"start":{"line":41,"column":37},"end":{"line":41,"column":59}},"line":41},"10":{"name":"(anonymous_10)","decl":{"start":{"line":45,"column":13},"end":{"line":45,"column":14}},"loc":{"start":{"line":45,"column":24},"end":{"line":47,"column":7}},"line":45},"11":{"name":"(anonymous_11)","decl":{"start":{"line":51,"column":28},"end":{"line":51,"column":29}},"loc":{"start":{"line":51,"column":52},"end":{"line":60,"column":1}},"line":51},"12":{"name":"(anonymous_12)","decl":{"start":{"line":52,"column":39},"end":{"line":52,"column":40}},"loc":{"start":{"line":52,"column":50},"end":{"line":57,"column":3}},"line":52},"13":{"name":"(anonymous_13)","decl":{"start":{"line":63,"column":20},"end":{"line":63,"column":21}},"loc":{"start":{"line":63,"column":33},"end":{"line":66,"column":3}},"line":63},"14":{"name":"(anonymous_14)","decl":{"start":{"line":68,"column":21},"end":{"line":68,"column":22}},"loc":{"start":{"line":68,"column":27},"end":{"line":71,"column":3}},"line":68},"15":{"name":"(anonymous_15)","decl":{"start":{"line":93,"column":26},"end":{"line":93,"column":27}},"loc":{"start":{"line":94,"column":14},"end":{"line":106,"column":19}},"line":94},"16":{"name":"(anonymous_16)","decl":{"start":{"line":100,"column":37},"end":{"line":100,"column":38}},"loc":{"start":{"line":100,"column":43},"end":{"line":100,"column":66}},"line":100},"17":{"name":"(anonymous_17)","decl":{"start":{"line":104,"column":35},"end":{"line":104,"column":36}},"loc":{"start":{"line":104,"column":40},"end":{"line":104,"column":58}},"line":104}},"branchMap":{"0":{"loc":{"start":{"line":34,"column":8},"end":{"line":36,"column":9}},"type":"if","locations":[{"start":{"line":34,"column":8},"end":{"line":36,"column":9}},{"start":{},"end":{}}],"line":34},"1":{"loc":{"start":{"line":53,"column":4},"end":{"line":55,"column":5}},"type":"if","locations":[{"start":{"line":53,"column":4},"end":{"line":55,"column":5}},{"start":{},"end":{}}],"line":53},"2":{"loc":{"start":{"line":78,"column":9},"end":{"line":80,"column":9}},"type":"binary-expr","locations":[{"start":{"line":78,"column":9},"end":{"line":78,"column":18}},{"start":{"line":79,"column":10},"end":{"line":79,"column":80}}],"line":78}},"s":{"0":2,"1":3,"2":2,"3":2,"4":2,"5":0,"6":0,"7":0,"8":2,"9":0,"10":0,"11":0,"12":0,"13":0,"14":0,"15":0,"16":0,"17":0,"18":0,"19":2,"20":0,"21":0,"22":0,"23":0,"24":0,"25":0,"26":2,"27":0,"28":0,"29":2,"30":0,"31":0,"32":2,"33":0,"34":0,"35":0},"f":{"0":3,"1":0,"2":0,"3":0,"4":0,"5":0,"6":0,"7":0,"8":0,"9":0,"10":0,"11":0,"12":0,"13":0,"14":0,"15":0,"16":0,"17":0},"b":{"0":[0,0],"1":[0,0],"2":[2,0]},"_coverageSchema":"1a1c01bbd47fc00a2c39e90264f33305004495a9","hash":"259c46fe2ebb4077ad2c1b3bac9840f69a02ac3f"}
,"C:\\Users\\geice\\Desktop\\LAB - SAP009\\burger-ladies\\src\\services\\api.jsx": {"path":"C:\\Users\\geice\\Desktop\\LAB - SAP009\\burger-ladies\\src\\services\\api.jsx","statementMap":{"0":{"start":{"line":1,"column":12},"end":{"line":1,"column":35}},"1":{"start":{"line":7,"column":19},"end":{"line":12,"column":3}},"2":{"start":{"line":14,"column":2},"end":{"line":22,"column":5}},"3":{"start":{"line":29,"column":20},"end":{"line":32,"column":3}},"4":{"start":{"line":34,"column":2},"end":{"line":42,"column":5}},"5":{"start":{"line":49,"column":23},"end":{"line":58,"column":3}},"6":{"start":{"line":60,"column":2},"end":{"line":67,"column":5}},"7":{"start":{"line":74,"column":19},"end":{"line":81,"column":2}},"8":{"start":{"line":82,"column":15},"end":{"line":82,"column":36}},"9":{"start":{"line":83,"column":2},"end":{"line":83,"column":13}},"10":{"start":{"line":90,"column":2},"end":{"line":96,"column":5}},"11":{"start":{"line":102,"column":19},"end":{"line":108,"column":4}},"12":{"start":{"line":110,"column":15},"end":{"line":110,"column":36}},"13":{"start":{"line":111,"column":2},"end":{"line":111,"column":13}},"14":{"start":{"line":116,"column":19},"end":{"line":123,"column":4}},"15":{"start":{"line":124,"column":15},"end":{"line":124,"column":36}},"16":{"start":{"line":125,"column":2},"end":{"line":125,"column":13}},"17":{"start":{"line":130,"column":2},"end":{"line":130,"column":20}},"18":{"start":{"line":131,"column":2},"end":{"line":131,"column":55}},"19":{"start":{"line":132,"column":19},"end":{"line":139,"column":4}},"20":{"start":{"line":140,"column":15},"end":{"line":140,"column":36}},"21":{"start":{"line":141,"column":2},"end":{"line":141,"column":13}},"22":{"start":{"line":145,"column":19},"end":{"line":152,"column":4}},"23":{"start":{"line":153,"column":15},"end":{"line":153,"column":36}},"24":{"start":{"line":154,"column":2},"end":{"line":154,"column":13}},"25":{"start":{"line":160,"column":19},"end":{"line":166,"column":4}},"26":{"start":{"line":168,"column":15},"end":{"line":168,"column":36}},"27":{"start":{"line":169,"column":2},"end":{"line":169,"column":13}}},"fnMap":{"0":{"name":"createUser","decl":{"start":{"line":6,"column":22},"end":{"line":6,"column":32}},"loc":{"start":{"line":6,"column":62},"end":{"line":25,"column":1}},"line":6},"1":{"name":"loginUser","decl":{"start":{"line":28,"column":22},"end":{"line":28,"column":31}},"loc":{"start":{"line":28,"column":49},"end":{"line":45,"column":1}},"line":28},"2":{"name":"createProducts","decl":{"start":{"line":48,"column":22},"end":{"line":48,"column":36}},"loc":{"start":{"line":48,"column":93},"end":{"line":70,"column":1}},"line":48},"3":{"name":"postOrder","decl":{"start":{"line":73,"column":22},"end":{"line":73,"column":31}},"loc":{"start":{"line":73,"column":43},"end":{"line":84,"column":1}},"line":73},"4":{"name":"deleteApi","decl":{"start":{"line":88,"column":22},"end":{"line":88,"column":31}},"loc":{"start":{"line":88,"column":43},"end":{"line":99,"column":1}},"line":88},"5":{"name":"getApi","decl":{"start":{"line":101,"column":22},"end":{"line":101,"column":28}},"loc":{"start":{"line":101,"column":40},"end":{"line":112,"column":1}},"line":101},"6":{"name":"pathUsers","decl":{"start":{"line":115,"column":22},"end":{"line":115,"column":31}},"loc":{"start":{"line":115,"column":44},"end":{"line":126,"column":1}},"line":115},"7":{"name":"patchOrders","decl":{"start":{"line":129,"column":22},"end":{"line":129,"column":33}},"loc":{"start":{"line":129,"column":39},"end":{"line":142,"column":1}},"line":129},"8":{"name":"patchProducts","decl":{"start":{"line":144,"column":22},"end":{"line":144,"column":35}},"loc":{"start":{"line":144,"column":44},"end":{"line":155,"column":1}},"line":144},"9":{"name":"requestApi","decl":{"start":{"line":159,"column":22},"end":{"line":159,"column":32}},"loc":{"start":{"line":159,"column":57},"end":{"line":170,"column":1}},"line":159}},"branchMap":{"0":{"loc":{"start":{"line":159,"column":42},"end":{"line":159,"column":56}},"type":"default-arg","locations":[{"start":{"line":159,"column":51},"end":{"line":159,"column":56}}],"line":159}},"s":{"0":15,"1":0,"2":0,"3":0,"4":0,"5":0,"6":0,"7":0,"8":0,"9":0,"10":0,"11":0,"12":0,"13":0,"14":0,"15":0,"16":0,"17":0,"18":0,"19":0,"20":0,"21":0,"22":0,"23":0,"24":0,"25":0,"26":0,"27":0},"f":{"0":0,"1":0,"2":0,"3":0,"4":0,"5":0,"6":0,"7":0,"8":0,"9":0},"b":{"0":[0]},"_coverageSchema":"1a1c01bbd47fc00a2c39e90264f33305004495a9","hash":"7aeaf2a0b45d353c32334891b3a799ea9c0119af"}
,"C:\\Users\\geice\\Desktop\\LAB - SAP009\\burger-ladies\\src\\styles\\Button.styled.js": {"path":"C:\\Users\\geice\\Desktop\\LAB - SAP009\\burger-ladies\\src\\styles\\Button.styled.js","statementMap":{"0":{"start":{"line":3,"column":31},"end":{"line":13,"column":1}},"1":{"start":{"line":15,"column":22},"end":{"line":39,"column":1}},"2":{"start":{"line":41,"column":30},"end":{"line":58,"column":1}},"3":{"start":{"line":60,"column":28},"end":{"line":68,"column":1}},"4":{"start":{"line":69,"column":26},"end":{"line":85,"column":1}}},"fnMap":{},"branchMap":{},"s":{"0":13,"1":13,"2":13,"3":13,"4":13},"f":{},"b":{},"_coverageSchema":"1a1c01bbd47fc00a2c39e90264f33305004495a9","hash":"c60ba0f0719dc81ec161efc5c91eb6cddd0a12a4"}
,"C:\\Users\\geice\\Desktop\\LAB - SAP009\\burger-ladies\\src\\styles\\Cards.styled.js": {"path":"C:\\Users\\geice\\Desktop\\LAB - SAP009\\burger-ladies\\src\\styles\\Cards.styled.js","statementMap":{"0":{"start":{"line":3,"column":26},"end":{"line":15,"column":1}},"1":{"start":{"line":17,"column":24},"end":{"line":41,"column":1}},"2":{"start":{"line":43,"column":22},"end":{"line":53,"column":1}},"3":{"start":{"line":55,"column":25},"end":{"line":61,"column":1}}},"fnMap":{},"branchMap":{},"s":{"0":4,"1":4,"2":4,"3":4},"f":{},"b":{},"_coverageSchema":"1a1c01bbd47fc00a2c39e90264f33305004495a9","hash":"14b9eb2697e4aa65d4ec0861021f18cf55b5921e"}
,"C:\\Users\\geice\\Desktop\\LAB - SAP009\\burger-ladies\\src\\styles\\Cart.styled.js": {"path":"C:\\Users\\geice\\Desktop\\LAB - SAP009\\burger-ladies\\src\\styles\\Cart.styled.js","statementMap":{"0":{"start":{"line":3,"column":20},"end":{"line":12,"column":1}},"1":{"start":{"line":13,"column":23},"end":{"line":19,"column":1}},"2":{"start":{"line":21,"column":23},"end":{"line":37,"column":1}},"3":{"start":{"line":38,"column":23},"end":{"line":56,"column":1}},"4":{"start":{"line":57,"column":25},"end":{"line":72,"column":1}},"5":{"start":{"line":73,"column":21},"end":{"line":88,"column":1}},"6":{"start":{"line":90,"column":29},"end":{"line":101,"column":1}},"7":{"start":{"line":103,"column":36},"end":{"line":106,"column":1}},"8":{"start":{"line":108,"column":26},"end":{"line":138,"column":1}}},"fnMap":{},"branchMap":{},"s":{"0":3,"1":3,"2":3,"3":3,"4":3,"5":3,"6":3,"7":3,"8":3},"f":{},"b":{},"_coverageSchema":"1a1c01bbd47fc00a2c39e90264f33305004495a9","hash":"bc52d2e5cfa7f4b5356089eed3efe6ee72ea5e2c"}
,"C:\\Users\\geice\\Desktop\\LAB - SAP009\\burger-ladies\\src\\styles\\Form.styled.js": {"path":"C:\\Users\\geice\\Desktop\\LAB - SAP009\\burger-ladies\\src\\styles\\Form.styled.js","statementMap":{"0":{"start":{"line":3,"column":24},"end":{"line":5,"column":1}},"1":{"start":{"line":7,"column":20},"end":{"line":59,"column":1}},"2":{"start":{"line":61,"column":22},"end":{"line":75,"column":1}}},"fnMap":{},"branchMap":{},"s":{"0":12,"1":12,"2":12},"f":{},"b":{},"_coverageSchema":"1a1c01bbd47fc00a2c39e90264f33305004495a9","hash":"2e9cc88125b82d244a2fb56e3b5e6e4c0050cebb"}
,"C:\\Users\\geice\\Desktop\\LAB - SAP009\\burger-ladies\\src\\styles\\Header.styled.js": {"path":"C:\\Users\\geice\\Desktop\\LAB - SAP009\\burger-ladies\\src\\styles\\Header.styled.js","statementMap":{"0":{"start":{"line":3,"column":31},"end":{"line":17,"column":1}},"1":{"start":{"line":19,"column":26},"end":{"line":24,"column":1}}},"fnMap":{},"branchMap":{},"s":{"0":9,"1":9},"f":{},"b":{},"_coverageSchema":"1a1c01bbd47fc00a2c39e90264f33305004495a9","hash":"ed57ab78ebb6379b99dc8eab653d6ede474efaa0"}
,"C:\\Users\\geice\\Desktop\\LAB - SAP009\\burger-ladies\\src\\styles\\HeaderLogin.styled.js": {"path":"C:\\Users\\geice\\Desktop\\LAB - SAP009\\burger-ladies\\src\\styles\\HeaderLogin.styled.js","statementMap":{"0":{"start":{"line":3,"column":36},"end":{"line":13,"column":1}}},"fnMap":{},"branchMap":{},"s":{"0":11},"f":{},"b":{},"_coverageSchema":"1a1c01bbd47fc00a2c39e90264f33305004495a9","hash":"089a79dc2f2e7b1bd1de86cb1cf52d01d76d6d72"}
,"C:\\Users\\geice\\Desktop\\LAB - SAP009\\burger-ladies\\src\\styles\\Input.styled.js": {"path":"C:\\Users\\geice\\Desktop\\LAB - SAP009\\burger-ladies\\src\\styles\\Input.styled.js","statementMap":{"0":{"start":{"line":3,"column":27},"end":{"line":27,"column":1}}},"fnMap":{},"branchMap":{},"s":{"0":13},"f":{},"b":{},"_coverageSchema":"1a1c01bbd47fc00a2c39e90264f33305004495a9","hash":"ae39f85e51dad159d3053105c302a0a005f87c0d"}
,"C:\\Users\\geice\\Desktop\\LAB - SAP009\\burger-ladies\\src\\styles\\KitchenProgress.styled.js": {"path":"C:\\Users\\geice\\Desktop\\LAB - SAP009\\burger-ladies\\src\\styles\\KitchenProgress.styled.js","statementMap":{"0":{"start":{"line":3,"column":25},"end":{"line":19,"column":1}}},"fnMap":{},"branchMap":{},"s":{"0":4},"f":{},"b":{},"_coverageSchema":"1a1c01bbd47fc00a2c39e90264f33305004495a9","hash":"ddc48c2b6ddcc06630a89b738d3ee2ac6b84c672"}
,"C:\\Users\\geice\\Desktop\\LAB - SAP009\\burger-ladies\\src\\styles\\ListProducts.styled.js": {"path":"C:\\Users\\geice\\Desktop\\LAB - SAP009\\burger-ladies\\src\\styles\\ListProducts.styled.js","statementMap":{"0":{"start":{"line":3,"column":20},"end":{"line":6,"column":1}}},"fnMap":{},"branchMap":{},"s":{"0":2},"f":{},"b":{},"_coverageSchema":"1a1c01bbd47fc00a2c39e90264f33305004495a9","hash":"d54bc3138e340ae3651db3d1ee597a0725f97228"}
,"C:\\Users\\geice\\Desktop\\LAB - SAP009\\burger-ladies\\src\\styles\\ListUsers.styled.js": {"path":"C:\\Users\\geice\\Desktop\\LAB - SAP009\\burger-ladies\\src\\styles\\ListUsers.styled.js","statementMap":{"0":{"start":{"line":3,"column":30},"end":{"line":9,"column":1}},"1":{"start":{"line":11,"column":25},"end":{"line":21,"column":1}},"2":{"start":{"line":23,"column":18},"end":{"line":27,"column":1}},"3":{"start":{"line":29,"column":25},"end":{"line":48,"column":1}}},"fnMap":{},"branchMap":{},"s":{"0":6,"1":6,"2":6,"3":6},"f":{},"b":{},"_coverageSchema":"1a1c01bbd47fc00a2c39e90264f33305004495a9","hash":"1981d3baabcebb9206bc5b82e97d35b5e3773977"}
,"C:\\Users\\geice\\Desktop\\LAB - SAP009\\burger-ladies\\src\\styles\\MyCart.styled.js": {"path":"C:\\Users\\geice\\Desktop\\LAB - SAP009\\burger-ladies\\src\\styles\\MyCart.styled.js","statementMap":{"0":{"start":{"line":3,"column":29},"end":{"line":14,"column":1}},"1":{"start":{"line":16,"column":24},"end":{"line":22,"column":1}},"2":{"start":{"line":24,"column":22},"end":{"line":29,"column":1}},"3":{"start":{"line":31,"column":26},"end":{"line":37,"column":1}}},"fnMap":{},"branchMap":{},"s":{"0":10,"1":10,"2":10,"3":10},"f":{},"b":{},"_coverageSchema":"1a1c01bbd47fc00a2c39e90264f33305004495a9","hash":"5ff5667ac8c7839f119e5c7696faab3c3e660686"}
,"C:\\Users\\geice\\Desktop\\LAB - SAP009\\burger-ladies\\src\\styles\\NotFound.styled.js": {"path":"C:\\Users\\geice\\Desktop\\LAB - SAP009\\burger-ladies\\src\\styles\\NotFound.styled.js","statementMap":{"0":{"start":{"line":3,"column":21},"end":{"line":26,"column":1}}},"fnMap":{},"branchMap":{},"s":{"0":2},"f":{},"b":{},"_coverageSchema":"1a1c01bbd47fc00a2c39e90264f33305004495a9","hash":"e5d763523974fd6ba6bd008503ec394cc3febb2f"}
,"C:\\Users\\geice\\Desktop\\LAB - SAP009\\burger-ladies\\src\\styles\\Ordered.stylesd.js": {"path":"C:\\Users\\geice\\Desktop\\LAB - SAP009\\burger-ladies\\src\\styles\\Ordered.stylesd.js","statementMap":{"0":{"start":{"line":3,"column":23},"end":{"line":23,"column":1}},"1":{"start":{"line":26,"column":28},"end":{"line":31,"column":1}},"2":{"start":{"line":33,"column":26},"end":{"line":42,"column":1}},"3":{"start":{"line":44,"column":22},"end":{"line":60,"column":1}},"4":{"start":{"line":61,"column":24},"end":{"line":64,"column":1}},"5":{"start":{"line":66,"column":26},"end":{"line":78,"column":1}}},"fnMap":{},"branchMap":{},"s":{"0":3,"1":3,"2":3,"3":3,"4":3,"5":3},"f":{},"b":{},"_coverageSchema":"1a1c01bbd47fc00a2c39e90264f33305004495a9","hash":"66f23ff80a49c7acd8cf75c6a5fb1804e887634f"}
}
