TN:
SF:.jest\mocks\fileMock.js
FNF:0
FNH:0
DA:1,13
LF:1
LH:1
BRF:0
BRH:0
end_of_record
TN:
SF:src\App.jsx
FN:3,App
FNF:1
FNH:1
FNDA:1,App
DA:4,1
LF:1
LH:1
BRF:0
BRH:0
end_of_record
TN:
SF:src\PrivateRoute.jsx
FN:3,(anonymous_0)
FNF:1
FNH:0
FNDA:0,(anonymous_0)
DA:3,1
DA:4,0
DA:5,0
LF:3
LH:1
BRDA:5,0,0,0
BRDA:5,0,1,0
BRF:2
BRH:0
end_of_record
TN:
SF:src\Router.jsx
FN:18,(anonymous_0)
FNF:1
FNH:1
FNDA:1,(anonymous_0)
DA:18,1
DA:19,1
LF:2
LH:2
BRF:0
BRH:0
end_of_record
TN:
SF:src\Components\Cards.jsx
FN:11,(anonymous_0)
FN:24,(anonymous_1)
FNF:2
FNH:0
FNDA:0,(anonymous_0)
FNDA:0,(anonymous_1)
DA:11,3
DA:12,0
DA:15,0
DA:24,0
LF:4
LH:1
BRF:0
BRH:0
end_of_record
TN:
SF:src\Components\EditUser.jsx
FN:10,(anonymous_0)
FN:18,(anonymous_1)
FN:19,(anonymous_2)
FN:20,(anonymous_3)
FN:21,(anonymous_4)
FN:23,editUser
FN:34,(anonymous_6)
FN:39,(anonymous_7)
FN:42,(anonymous_8)
FNF:9
FNH:0
FNDA:0,(anonymous_0)
FNDA:0,(anonymous_1)
FNDA:0,(anonymous_2)
FNDA:0,(anonymous_3)
FNDA:0,(anonymous_4)
FNDA:0,editUser
FNDA:0,(anonymous_6)
FNDA:0,(anonymous_7)
FNDA:0,(anonymous_8)
DA:10,2
DA:11,0
DA:12,0
DA:13,0
DA:14,0
DA:15,0
DA:16,0
DA:18,0
DA:19,0
DA:20,0
DA:21,0
DA:24,0
DA:25,0
DA:27,0
DA:33,0
DA:35,0
DA:36,0
DA:40,0
DA:43,0
DA:45,0
DA:48,0
LF:21
LH:1
BRDA:35,0,0,0
BRDA:35,0,1,0
BRF:2
BRH:0
end_of_record
TN:
SF:src\Components\Formulary.jsx
FN:4,(anonymous_0)
FNF:1
FNH:1
FNDA:20,(anonymous_0)
DA:4,11
DA:12,20
LF:2
LH:2
BRF:0
BRH:0
end_of_record
TN:
SF:src\Components\Header.jsx
FN:9,Header
FN:11,sair
FN:31,(anonymous_2)
FNF:3
FNH:1
FNDA:24,Header
FNDA:0,sair
FNDA:0,(anonymous_2)
DA:12,0
DA:13,0
DA:16,24
DA:31,0
LF:4
LH:1
BRF:0
BRH:0
end_of_record
TN:
SF:src\Components\HeaderLogin.jsx
FN:4,(anonymous_0)
FNF:1
FNH:1
FNDA:2,(anonymous_0)
DA:4,11
DA:5,2
LF:2
LH:2
BRF:0
BRH:0
end_of_record
TN:
SF:src\Components\KitchenProgress.jsx
FN:13,(anonymous_0)
FN:19,(anonymous_1)
FN:21,(anonymous_2)
FN:22,(anonymous_3)
FN:25,(anonymous_4)
FN:30,(anonymous_5)
FN:34,(anonymous_6)
FN:40,(anonymous_7)
FN:43,(anonymous_8)
FN:56,(anonymous_9)
FN:57,(anonymous_10)
FN:60,(anonymous_11)
FN:66,deleteOrders
FN:68,(anonymous_13)
FN:73,(anonymous_14)
FN:74,(anonymous_15)
FN:74,(anonymous_16)
FN:77,(anonymous_17)
FN:86,(anonymous_18)
FN:89,(anonymous_19)
FN:92,(anonymous_20)
FN:95,(anonymous_21)
FN:101,(anonymous_22)
FN:110,(anonymous_23)
FN:118,(anonymous_24)
FN:123,(anonymous_25)
FNF:26
FNH:1
FNDA:4,(anonymous_0)
FNDA:0,(anonymous_1)
FNDA:0,(anonymous_2)
FNDA:0,(anonymous_3)
FNDA:0,(anonymous_4)
FNDA:0,(anonymous_5)
FNDA:0,(anonymous_6)
FNDA:0,(anonymous_7)
FNDA:0,(anonymous_8)
FNDA:0,(anonymous_9)
FNDA:0,(anonymous_10)
FNDA:0,(anonymous_11)
FNDA:0,deleteOrders
FNDA:0,(anonymous_13)
FNDA:0,(anonymous_14)
FNDA:0,(anonymous_15)
FNDA:0,(anonymous_16)
FNDA:0,(anonymous_17)
FNDA:0,(anonymous_18)
FNDA:0,(anonymous_19)
FNDA:0,(anonymous_20)
FNDA:0,(anonymous_21)
FNDA:0,(anonymous_22)
FNDA:0,(anonymous_23)
FNDA:0,(anonymous_24)
FNDA:0,(anonymous_25)
DA:13,3
DA:14,4
DA:15,4
DA:16,4
DA:17,4
DA:19,4
DA:20,0
DA:21,0
DA:23,0
DA:26,0
DA:30,4
DA:31,0
DA:34,4
DA:35,0
DA:36,0
DA:39,4
DA:40,0
DA:43,4
DA:44,0
DA:46,0
DA:47,0
DA:49,0
DA:50,0
DA:52,0
DA:53,0
DA:55,0
DA:56,0
DA:58,0
DA:61,0
DA:63,0
DA:67,0
DA:69,0
DA:70,0
DA:74,0
DA:75,0
DA:78,0
DA:80,0
DA:83,4
DA:86,0
DA:89,0
DA:92,0
DA:95,0
DA:102,0
DA:111,0
DA:118,0
DA:123,0
LF:46
LH:11
BRDA:39,0,0,0
BRDA:39,0,1,4
BRDA:44,1,0,0
BRDA:44,1,1,0
BRDA:44,1,2,0
BRDA:69,2,0,0
BRDA:69,2,1,0
BRDA:100,3,0,4
BRDA:100,3,1,0
BRF:9
BRH:2
end_of_record
TN:
SF:src\Components\MyCart.jsx
FN:9,(anonymous_0)
FN:11,sair
FN:25,(anonymous_2)
FN:29,(anonymous_3)
FN:34,(anonymous_4)
FNF:5
FNH:1
FNDA:4,(anonymous_0)
FNDA:0,sair
FNDA:0,(anonymous_2)
FNDA:0,(anonymous_3)
FNDA:0,(anonymous_4)
DA:9,2
DA:10,4
DA:12,0
DA:13,0
DA:16,0
DA:25,0
DA:29,0
DA:34,0
LF:8
LH:2
BRF:0
BRH:0
end_of_record
TN:
SF:src\Components\Select.jsx
FN:3,(anonymous_0)
FNF:1
FNH:1
FNDA:6,(anonymous_0)
DA:3,4
DA:15,6
LF:2
LH:2
BRF:0
BRH:0
end_of_record
TN:
SF:src\Pages\AdcProducts.jsx
FN:12,AdcProducts
FN:22,(anonymous_1)
FN:23,(anonymous_2)
FN:24,(anonymous_3)
FN:25,(anonymous_4)
FN:26,(anonymous_5)
FN:27,(anonymous_6)
FN:28,(anonymous_7)
FN:30,addProdutos
FN:34,(anonymous_9)
FN:47,(anonymous_10)
FNF:11
FNH:1
FNDA:3,AdcProducts
FNDA:0,(anonymous_1)
FNDA:0,(anonymous_2)
FNDA:0,(anonymous_3)
FNDA:0,(anonymous_4)
FNDA:0,(anonymous_5)
FNDA:0,(anonymous_6)
FNDA:0,(anonymous_7)
FNDA:0,addProdutos
FNDA:0,(anonymous_9)
FNDA:0,(anonymous_10)
DA:13,3
DA:14,2
DA:15,2
DA:16,2
DA:17,2
DA:18,2
DA:19,2
DA:20,2
DA:22,2
DA:23,2
DA:24,2
DA:25,2
DA:26,2
DA:27,2
DA:28,2
DA:31,0
DA:33,0
DA:35,0
DA:36,0
DA:37,0
DA:39,0
DA:40,0
DA:41,0
DA:42,0
DA:43,0
DA:44,0
DA:45,0
DA:48,0
DA:52,2
LF:29
LH:16
BRDA:35,0,0,0
BRDA:35,0,1,0
BRDA:125,1,0,2
BRDA:125,1,1,0
BRF:4
BRH:1
end_of_record
TN:
SF:src\Pages\Adm.jsx
FN:5,(anonymous_0)
FNF:1
FNH:1
FNDA:3,(anonymous_0)
DA:5,2
DA:6,3
LF:2
LH:2
BRF:0
BRH:0
end_of_record
TN:
SF:src\Pages\Attendance.jsx
FN:6,(anonymous_0)
FNF:1
FNH:1
FNDA:3,(anonymous_0)
DA:6,2
DA:7,3
LF:2
LH:2
BRF:0
BRH:0
end_of_record
TN:
SF:src\Pages\Cart.jsx
FN:16,(anonymous_0)
FN:22,(anonymous_1)
FN:23,(anonymous_2)
FN:26,(anonymous_3)
FN:27,(anonymous_4)
FN:32,(anonymous_5)
FN:34,(anonymous_6)
FN:41,(anonymous_7)
FN:47,(anonymous_8)
FN:96,(anonymous_9)
FN:104,(anonymous_10)
FN:106,(anonymous_11)
FN:109,(anonymous_12)
FN:114,(anonymous_13)
FNF:14
FNH:1
FNDA:4,(anonymous_0)
FNDA:0,(anonymous_1)
FNDA:0,(anonymous_2)
FNDA:0,(anonymous_3)
FNDA:0,(anonymous_4)
FNDA:0,(anonymous_5)
FNDA:0,(anonymous_6)
FNDA:0,(anonymous_7)
FNDA:0,(anonymous_8)
FNDA:0,(anonymous_9)
FNDA:0,(anonymous_10)
FNDA:0,(anonymous_11)
FNDA:0,(anonymous_12)
FNDA:0,(anonymous_13)
DA:16,3
DA:17,4
DA:18,4
DA:19,4
DA:20,4
DA:22,4
DA:23,4
DA:26,4
DA:27,0
DA:28,0
DA:32,4
DA:33,0
DA:34,0
DA:35,0
DA:37,0
DA:41,4
DA:42,0
DA:47,4
DA:48,0
DA:55,0
DA:56,0
DA:58,0
DA:59,0
DA:60,0
DA:64,4
DA:97,0
DA:104,0
DA:106,0
DA:109,0
DA:114,0
LF:30
LH:12
BRF:0
BRH:0
end_of_record
TN:
SF:src\Pages\Kitchen.jsx
FN:4,(anonymous_0)
FNF:1
FNH:1
FNDA:3,(anonymous_0)
DA:4,2
DA:5,3
LF:2
LH:2
BRF:0
BRH:0
end_of_record
TN:
SF:src\Pages\ListUsers.jsx
FN:13,(anonymous_0)
FN:17,(anonymous_1)
FN:19,(anonymous_2)
FN:20,(anonymous_3)
FN:23,(anonymous_4)
FN:28,(anonymous_5)
FN:32,deleteUsers
FN:34,(anonymous_7)
FN:39,(anonymous_8)
FN:41,(anonymous_9)
FN:42,(anonymous_10)
FN:46,(anonymous_11)
FN:57,(anonymous_12)
FN:68,(anonymous_13)
FN:69,(anonymous_14)
FN:76,(anonymous_15)
FNF:16
FNH:1
FNDA:3,(anonymous_0)
FNDA:0,(anonymous_1)
FNDA:0,(anonymous_2)
FNDA:0,(anonymous_3)
FNDA:0,(anonymous_4)
FNDA:0,(anonymous_5)
FNDA:0,deleteUsers
FNDA:0,(anonymous_7)
FNDA:0,(anonymous_8)
FNDA:0,(anonymous_9)
FNDA:0,(anonymous_10)
FNDA:0,(anonymous_11)
FNDA:0,(anonymous_12)
FNDA:0,(anonymous_13)
FNDA:0,(anonymous_14)
FNDA:0,(anonymous_15)
DA:13,2
DA:14,3
DA:15,2
DA:17,2
DA:18,0
DA:19,0
DA:21,0
DA:24,0
DA:28,2
DA:29,0
DA:33,0
DA:35,0
DA:36,0
DA:41,0
DA:42,0
DA:44,0
DA:47,0
DA:49,0
DA:52,2
DA:58,0
DA:68,0
DA:69,0
DA:76,0
LF:23
LH:6
BRDA:35,0,0,0
BRDA:35,0,1,0
BRDA:76,1,0,0
BRDA:76,1,1,0
BRF:4
BRH:0
end_of_record
TN:
SF:src\Pages\Login.jsx
FN:11,(anonymous_0)
FN:16,Login
FN:23,(anonymous_2)
FN:24,(anonymous_3)
FN:26,logIn
FN:29,(anonymous_5)
FN:36,(anonymous_6)
FN:53,(anonymous_7)
FNF:8
FNH:1
FNDA:0,(anonymous_0)
FNDA:2,Login
FNDA:0,(anonymous_2)
FNDA:0,(anonymous_3)
FNDA:0,logIn
FNDA:0,(anonymous_5)
FNDA:0,(anonymous_6)
FNDA:0,(anonymous_7)
DA:11,11
DA:12,0
DA:13,0
DA:17,2
DA:18,2
DA:19,2
DA:21,2
DA:23,2
DA:24,2
DA:27,0
DA:28,0
DA:30,0
DA:31,0
DA:33,0
DA:37,0
DA:38,0
DA:39,0
DA:40,0
DA:41,0
DA:42,0
DA:43,0
DA:44,0
DA:45,0
DA:46,0
DA:47,0
DA:48,0
DA:49,0
DA:50,0
DA:54,0
DA:58,2
LF:30
LH:8
BRDA:30,0,0,0
BRDA:30,0,1,0
BRDA:37,1,0,0
BRDA:37,1,1,0
BRDA:45,2,0,0
BRDA:45,2,1,0
BRDA:47,3,0,0
BRDA:47,3,1,0
BRDA:49,4,0,0
BRDA:49,4,1,0
BRF:10
BRH:0
end_of_record
TN:
SF:src\Pages\NotFound.jsx
FN:4,(anonymous_0)
FNF:1
FNH:1
FNDA:1,(anonymous_0)
DA:4,2
DA:5,1
LF:2
LH:2
BRF:0
BRH:0
end_of_record
TN:
SF:src\Pages\Ordered.jsx
FN:10,(anonymous_0)
FN:15,(anonymous_1)
FN:17,(anonymous_2)
FN:18,(anonymous_3)
FN:20,(anonymous_4)
FN:24,(anonymous_5)
FN:28,(anonymous_6)
FN:34,(anonymous_7)
FN:42,(anonymous_8)
FN:45,(anonymous_9)
FN:51,(anonymous_10)
FNF:11
FNH:4
FNDA:3,(anonymous_0)
FNDA:1,(anonymous_1)
FNDA:0,(anonymous_2)
FNDA:0,(anonymous_3)
FNDA:1,(anonymous_4)
FNDA:1,(anonymous_5)
FNDA:0,(anonymous_6)
FNDA:0,(anonymous_7)
FNDA:0,(anonymous_8)
FNDA:0,(anonymous_9)
FNDA:0,(anonymous_10)
DA:10,3
DA:11,3
DA:12,3
DA:13,3
DA:15,3
DA:16,1
DA:17,0
DA:19,0
DA:21,1
DA:24,3
DA:25,1
DA:28,3
DA:29,0
DA:30,0
DA:33,3
DA:34,0
DA:39,3
DA:42,0
DA:45,0
DA:52,0
LF:20
LH:12
BRDA:33,0,0,0
BRDA:33,0,1,3
BRDA:50,1,0,3
BRDA:50,1,1,0
BRF:4
BRH:2
end_of_record
TN:
SF:src\Pages\Register.jsx
FN:10,Register
FN:17,(anonymous_1)
FN:18,(anonymous_2)
FN:19,(anonymous_3)
FN:20,(anonymous_4)
FN:22,registerUser
FN:34,(anonymous_6)
FN:40,(anonymous_7)
FNF:8
FNH:1
FNDA:3,Register
FNDA:0,(anonymous_1)
FNDA:0,(anonymous_2)
FNDA:0,(anonymous_3)
FNDA:0,(anonymous_4)
FNDA:0,registerUser
FNDA:0,(anonymous_6)
FNDA:0,(anonymous_7)
DA:11,3
DA:12,2
DA:13,2
DA:14,2
DA:15,2
DA:17,2
DA:18,2
DA:19,2
DA:20,2
DA:23,0
DA:24,0
DA:25,0
DA:27,0
DA:28,0
DA:33,0
DA:35,0
DA:36,0
DA:37,0
DA:41,0
DA:45,2
LF:20
LH:10
BRDA:24,0,0,0
BRDA:24,0,1,0
BRDA:27,1,0,0
BRDA:27,1,1,0
BRDA:35,2,0,0
BRDA:35,2,1,0
BRDA:90,3,0,2
BRDA:90,3,1,0
BRF:8
BRH:1
end_of_record
TN:
SF:src\Pages\TesteOrdered.jsx
FN:9,(anonymous_0)
FN:15,(anonymous_1)
FN:17,(anonymous_2)
FN:22,(anonymous_3)
FN:33,(anonymous_4)
FN:35,(anonymous_5)
FNF:6
FNH:1
FNDA:3,(anonymous_0)
FNDA:0,(anonymous_1)
FNDA:0,(anonymous_2)
FNDA:0,(anonymous_3)
FNDA:0,(anonymous_4)
FNDA:0,(anonymous_5)
DA:9,2
DA:10,3
DA:11,2
DA:12,2
DA:15,2
DA:16,0
DA:17,0
DA:18,0
DA:20,0
DA:21,0
DA:22,0
DA:23,0
DA:25,0
DA:27,0
DA:30,0
DA:33,2
DA:34,0
DA:35,0
DA:36,0
DA:39,0
DA:41,0
DA:42,0
DA:45,2
LF:23
LH:7
BRDA:18,0,0,0
BRDA:18,0,1,0
BRDA:20,1,0,0
BRDA:20,1,1,0
BRDA:36,2,0,0
BRDA:36,2,1,0
BRDA:41,3,0,0
BRDA:41,3,1,0
BRDA:49,4,0,2
BRDA:49,4,1,0
BRDA:55,5,0,2
BRDA:55,5,1,0
BRF:12
BRH:2
end_of_record
TN:
SF:src\Pages\listProducts.jsx
FN:11,(anonymous_0)
FN:14,(anonymous_1)
FN:16,(anonymous_2)
FN:17,(anonymous_3)
FN:20,(anonymous_4)
FN:25,(anonymous_5)
FN:29,deleteProducts
FN:31,(anonymous_7)
FN:36,(anonymous_8)
FN:38,(anonymous_9)
FN:39,(anonymous_10)
FN:43,(anonymous_11)
FN:66,(anonymous_12)
FN:74,(anonymous_13)
FNF:14
FNH:1
FNDA:3,(anonymous_0)
FNDA:0,(anonymous_1)
FNDA:0,(anonymous_2)
FNDA:0,(anonymous_3)
FNDA:0,(anonymous_4)
FNDA:0,(anonymous_5)
FNDA:0,deleteProducts
FNDA:0,(anonymous_7)
FNDA:0,(anonymous_8)
FNDA:0,(anonymous_9)
FNDA:0,(anonymous_10)
FNDA:0,(anonymous_11)
FNDA:0,(anonymous_12)
FNDA:0,(anonymous_13)
DA:11,2
DA:12,3
DA:14,2
DA:15,0
DA:16,0
DA:18,0
DA:21,0
DA:25,2
DA:26,0
DA:30,0
DA:32,0
DA:33,0
DA:38,0
DA:39,0
DA:41,0
DA:44,0
DA:46,0
DA:49,2
DA:67,0
DA:74,0
LF:20
LH:5
BRDA:32,0,0,0
BRDA:32,0,1,0
BRF:2
BRH:0
end_of_record
TN:
SF:src\services\api.jsx
FN:6,createUser
FN:27,loginUser
FN:46,createProducts
FN:70,postOrder
FN:82,deleteApi
FN:92,getApi
FN:103,pathUsers
FN:115,patchOrders
FNF:8
FNH:1
FNDA:0,createUser
FNDA:0,loginUser
FNDA:0,createProducts
FNDA:0,postOrder
FNDA:0,deleteApi
FNDA:1,getApi
FNDA:0,pathUsers
FNDA:0,patchOrders
DA:1,13
DA:7,0
DA:13,0
DA:22,0
DA:23,0
DA:28,0
DA:32,0
DA:47,0
DA:57,0
DA:65,0
DA:66,0
DA:71,0
DA:83,0
DA:93,1
DA:104,0
DA:116,0
DA:117,0
DA:118,0
LF:18
LH:2
BRF:0
BRH:0
end_of_record
TN:
SF:src\styles\Button.styled.js
FNF:0
FNH:0
DA:3,11
DA:15,11
DA:41,11
DA:60,11
DA:69,11
LF:5
LH:5
BRF:0
BRH:0
end_of_record
TN:
SF:src\styles\Cards.styled.js
FNF:0
FNH:0
DA:3,3
DA:17,3
DA:43,3
DA:55,3
LF:4
LH:4
BRF:0
BRH:0
end_of_record
TN:
SF:src\styles\Cart.styled.js
FNF:0
FNH:0
DA:3,3
DA:13,3
DA:21,3
DA:38,3
DA:57,3
DA:73,3
DA:90,3
DA:103,3
DA:108,3
LF:9
LH:9
BRF:0
BRH:0
end_of_record
TN:
SF:src\styles\Form.styled.js
FNF:0
FNH:0
DA:3,11
DA:7,11
DA:61,11
LF:3
LH:3
BRF:0
BRH:0
end_of_record
TN:
SF:src\styles\Header.styled.js
FNF:0
FNH:0
DA:3,9
DA:19,9
LF:2
LH:2
BRF:0
BRH:0
end_of_record
TN:
SF:src\styles\HeaderLogin.styled.js
FNF:0
FNH:0
DA:3,11
LF:1
LH:1
BRF:0
BRH:0
end_of_record
TN:
SF:src\styles\Input.styled.js
FNF:0
FNH:0
DA:3,11
LF:1
LH:1
BRF:0
BRH:0
end_of_record
TN:
SF:src\styles\KitchenProgress.styled.js
FNF:0
FNH:0
DA:3,3
LF:1
LH:1
BRF:0
BRH:0
end_of_record
TN:
SF:src\styles\ListProducts.styled.js
FNF:0
FNH:0
DA:3,2
LF:1
LH:1
BRF:0
BRH:0
end_of_record
TN:
SF:src\styles\ListUsers.styled.js
FNF:0
FNH:0
DA:3,5
DA:11,5
DA:23,5
DA:29,5
LF:4
LH:4
BRF:0
BRH:0
end_of_record
TN:
SF:src\styles\MyCart.styled.js
FNF:0
FNH:0
DA:3,10
DA:16,10
DA:24,10
DA:31,10
LF:4
LH:4
BRF:0
BRH:0
end_of_record
TN:
SF:src\styles\NotFound.styled.js
FNF:0
FNH:0
DA:3,2
LF:1
LH:1
BRF:0
BRH:0
end_of_record
TN:
SF:src\styles\Ordered.stylesd.js
FNF:0
FNH:0
DA:3,3
DA:26,3
DA:33,3
DA:44,3
DA:61,3
DA:66,3
LF:6
LH:6
BRF:0
BRH:0
end_of_record
